{"C:\\Users\\admin\\Desktop\\lablink\\lablink-frontend\\src\\App.tsx": {"path":"C:\\Users\\admin\\Desktop\\lablink\\lablink-frontend\\src\\App.tsx","statementMap":{"0":{"start":{"line":19,"column":0},"end":{"line":19,"column":24}},"1":{"start":{"line":1,"column":0},"end":{"line":1,"column":74}},"2":{"start":{"line":2,"column":0},"end":{"line":2,"column":42}},"3":{"start":{"line":4,"column":0},"end":{"line":4,"column":69}},"4":{"start":{"line":5,"column":0},"end":{"line":5,"column":95}},"5":{"start":{"line":7,"column":0},"end":{"line":7,"column":67}},"6":{"start":{"line":8,"column":0},"end":{"line":8,"column":70}},"7":{"start":{"line":9,"column":0},"end":{"line":9,"column":75}},"8":{"start":{"line":10,"column":0},"end":{"line":10,"column":74}},"9":{"start":{"line":11,"column":0},"end":{"line":11,"column":82}},"10":{"start":{"line":12,"column":0},"end":{"line":12,"column":73}},"11":{"start":{"line":13,"column":0},"end":{"line":13,"column":72}},"12":{"start":{"line":14,"column":0},"end":{"line":14,"column":77}},"13":{"start":{"line":15,"column":0},"end":{"line":15,"column":77}},"14":{"start":{"line":16,"column":0},"end":{"line":16,"column":75}},"15":{"start":{"line":17,"column":0},"end":{"line":17,"column":73}},"16":{"start":{"line":20,"column":2},"end":{"line":67,"column":4}}},"fnMap":{"0":{"name":"App","decl":{"start":{"line":19,"column":24},"end":{"line":19,"column":27}},"loc":{"start":{"line":19,"column":27},"end":{"line":68,"column":1}}}},"branchMap":{},"s":{"0":0,"1":0,"2":0,"3":0,"4":0,"5":0,"6":0,"7":0,"8":0,"9":0,"10":0,"11":0,"12":0,"13":0,"14":0,"15":0,"16":0},"f":{"0":0},"b":{}}
,"C:\\Users\\admin\\Desktop\\lablink\\lablink-frontend\\src\\core\\api\\apiClient.ts": {"path":"C:\\Users\\admin\\Desktop\\lablink\\lablink-frontend\\src\\core\\api\\apiClient.ts","statementMap":{"0":{"start":{"line":66,"column":0},"end":{"line":66,"column":16}},"1":{"start":{"line":81,"column":0},"end":{"line":81,"column":16}},"2":{"start":{"line":1,"column":0},"end":{"line":1,"column":57}},"3":{"start":{"line":4,"column":17},"end":{"line":4,"column":58}},"4":{"start":{"line":6,"column":13},"end":{"line":10,"column":3}},"5":{"start":{"line":13,"column":0},"end":{"line":19,"column":3}},"6":{"start":{"line":14,"column":16},"end":{"line":14,"column":55}},"7":{"start":{"line":15,"column":2},"end":{"line":17,"column":3}},"8":{"start":{"line":16,"column":4},"end":{"line":16,"column":53}},"9":{"start":{"line":18,"column":2},"end":{"line":18,"column":16}},"10":{"start":{"line":22,"column":0},"end":{"line":60,"column":2}},"11":{"start":{"line":23,"column":31},"end":{"line":23,"column":39}},"12":{"start":{"line":25,"column":28},"end":{"line":25,"column":86}},"13":{"start":{"line":27,"column":4},"end":{"line":56,"column":5}},"14":{"start":{"line":29,"column":6},"end":{"line":31,"column":7}},"15":{"start":{"line":30,"column":8},"end":{"line":30,"column":37}},"16":{"start":{"line":33,"column":6},"end":{"line":33,"column":36}},"17":{"start":{"line":35,"column":27},"end":{"line":35,"column":67}},"18":{"start":{"line":36,"column":6},"end":{"line":55,"column":7}},"19":{"start":{"line":37,"column":8},"end":{"line":52,"column":9}},"20":{"start":{"line":38,"column":27},"end":{"line":40,"column":null}},"21":{"start":{"line":42,"column":10},"end":{"line":46,"column":11}},"22":{"start":{"line":43,"column":12},"end":{"line":43,"column":69}},"23":{"start":{"line":44,"column":12},"end":{"line":44,"column":82}},"24":{"start":{"line":45,"column":12},"end":{"line":45,"column":47}},"25":{"start":{"line":49,"column":10},"end":{"line":49,"column":53}},"26":{"start":{"line":50,"column":10},"end":{"line":50,"column":54}},"27":{"start":{"line":51,"column":10},"end":{"line":51,"column":42}},"28":{"start":{"line":54,"column":8},"end":{"line":54,"column":40}},"29":{"start":{"line":58,"column":4},"end":{"line":58,"column":33}},"30":{"start":{"line":67,"column":2},"end":{"line":71,"column":3}},"31":{"start":{"line":68,"column":17},"end":{"line":68,"column":70}},"32":{"start":{"line":69,"column":4},"end":{"line":69,"column":56}},"33":{"start":{"line":69,"column":30},"end":{"line":69,"column":56}},"34":{"start":{"line":70,"column":4},"end":{"line":70,"column":44}},"35":{"start":{"line":70,"column":23},"end":{"line":70,"column":44}},"36":{"start":{"line":72,"column":2},"end":{"line":72,"column":59}},"37":{"start":{"line":82,"column":2},"end":{"line":92,"column":3}},"38":{"start":{"line":83,"column":17},"end":{"line":83,"column":70}},"39":{"start":{"line":84,"column":4},"end":{"line":91,"column":5}},"40":{"start":{"line":90,"column":6},"end":{"line":90,"column":58}},"41":{"start":{"line":93,"column":2},"end":{"line":93,"column":14}}},"fnMap":{"0":{"name":"(anonymous_0)","decl":{"start":{"line":13,"column":35},"end":{"line":13,"column":36}},"loc":{"start":{"line":13,"column":46},"end":{"line":19,"column":1}}},"1":{"name":"(anonymous_1)","decl":{"start":{"line":23,"column":2},"end":{"line":23,"column":3}},"loc":{"start":{"line":23,"column":31},"end":{"line":23,"column":39}}},"2":{"name":"(anonymous_2)","decl":{"start":{"line":24,"column":2},"end":{"line":24,"column":7}},"loc":{"start":{"line":24,"column":49},"end":{"line":59,"column":3}}},"3":{"name":"extractApiError","decl":{"start":{"line":66,"column":16},"end":{"line":66,"column":31}},"loc":{"start":{"line":66,"column":46},"end":{"line":73,"column":1}}},"4":{"name":"extractFieldErrors","decl":{"start":{"line":81,"column":16},"end":{"line":81,"column":34}},"loc":{"start":{"line":81,"column":49},"end":{"line":94,"column":1}}}},"branchMap":{"0":{"loc":{"start":{"line":4,"column":17},"end":{"line":4,"column":58}},"type":"binary-expr","locations":[{"start":{"line":4,"column":17},"end":{"line":4,"column":45}},{"start":{"line":4,"column":49},"end":{"line":4,"column":58}}]},"1":{"loc":{"start":{"line":15,"column":2},"end":{"line":17,"column":3}},"type":"if","locations":[{"start":{"line":15,"column":2},"end":{"line":17,"column":3}}]},"2":{"loc":{"start":{"line":27,"column":4},"end":{"line":56,"column":5}},"type":"if","locations":[{"start":{"line":27,"column":4},"end":{"line":56,"column":5}}]},"3":{"loc":{"start":{"line":27,"column":8},"end":{"line":27,"column":65}},"type":"binary-expr","locations":[{"start":{"line":27,"column":8},"end":{"line":27,"column":38}},{"start":{"line":27,"column":42},"end":{"line":27,"column":65}}]},"4":{"loc":{"start":{"line":29,"column":6},"end":{"line":31,"column":7}},"type":"if","locations":[{"start":{"line":29,"column":6},"end":{"line":31,"column":7}}]},"5":{"loc":{"start":{"line":29,"column":10},"end":{"line":29,"column":105}},"type":"binary-expr","locations":[{"start":{"line":29,"column":10},"end":{"line":29,"column":54}},{"start":{"line":29,"column":58},"end":{"line":29,"column":105}}]},"6":{"loc":{"start":{"line":36,"column":6},"end":{"line":55,"column":7}},"type":"if","locations":[{"start":{"line":36,"column":6},"end":{"line":55,"column":7}},{"start":{"line":53,"column":13},"end":{"line":55,"column":7}}]},"7":{"loc":{"start":{"line":42,"column":10},"end":{"line":46,"column":11}},"type":"if","locations":[{"start":{"line":42,"column":10},"end":{"line":46,"column":11}}]},"8":{"loc":{"start":{"line":42,"column":14},"end":{"line":42,"column":39}},"type":"binary-expr","locations":[{"start":{"line":42,"column":14},"end":{"line":42,"column":26}},{"start":{"line":42,"column":30},"end":{"line":42,"column":39}}]},"9":{"loc":{"start":{"line":67,"column":2},"end":{"line":71,"column":3}},"type":"if","locations":[{"start":{"line":67,"column":2},"end":{"line":71,"column":3}}]},"10":{"loc":{"start":{"line":69,"column":4},"end":{"line":69,"column":56}},"type":"if","locations":[{"start":{"line":69,"column":4},"end":{"line":69,"column":56}}]},"11":{"loc":{"start":{"line":70,"column":4},"end":{"line":70,"column":44}},"type":"if","locations":[{"start":{"line":70,"column":4},"end":{"line":70,"column":44}}]},"12":{"loc":{"start":{"line":82,"column":2},"end":{"line":92,"column":3}},"type":"if","locations":[{"start":{"line":82,"column":2},"end":{"line":92,"column":3}}]},"13":{"loc":{"start":{"line":84,"column":4},"end":{"line":91,"column":5}},"type":"if","locations":[{"start":{"line":84,"column":4},"end":{"line":91,"column":5}}]},"14":{"loc":{"start":{"line":85,"column":6},"end":{"line":88,"column":40}},"type":"binary-expr","locations":[{"start":{"line":85,"column":6},"end":{"line":85,"column":39}},{"start":{"line":86,"column":6},"end":{"line":86,"column":24}},{"start":{"line":87,"column":6},"end":{"line":87,"column":44}},{"start":{"line":88,"column":6},"end":{"line":88,"column":40}}]}},"s":{"0":0,"1":0,"2":0,"3":0,"4":0,"5":0,"6":0,"7":0,"8":0,"9":0,"10":0,"11":0,"12":0,"13":0,"14":0,"15":0,"16":0,"17":0,"18":0,"19":0,"20":0,"21":0,"22":0,"23":0,"24":0,"25":0,"26":0,"27":0,"28":0,"29":0,"30":0,"31":0,"32":0,"33":0,"34":0,"35":0,"36":0,"37":0,"38":0,"39":0,"40":0,"41":0},"f":{"0":0,"1":0,"2":0,"3":0,"4":0},"b":{"0":[0,0],"1":[0],"2":[0],"3":[0,0],"4":[0],"5":[0,0],"6":[0,0],"7":[0],"8":[0,0],"9":[0],"10":[0],"11":[0],"12":[0],"13":[0],"14":[0,0,0,0]}}
,"C:\\Users\\admin\\Desktop\\lablink\\lablink-frontend\\src\\core\\components\\layout\\AppLayout.tsx": {"path":"C:\\Users\\admin\\Desktop\\lablink\\lablink-frontend\\src\\core\\components\\layout\\AppLayout.tsx","statementMap":{"0":{"start":{"line":5,"column":0},"end":{"line":5,"column":16}},"1":{"start":{"line":1,"column":0},"end":{"line":1,"column":42}},"2":{"start":{"line":2,"column":0},"end":{"line":2,"column":36}},"3":{"start":{"line":6,"column":2},"end":{"line":15,"column":4}}},"fnMap":{"0":{"name":"AppLayout","decl":{"start":{"line":5,"column":16},"end":{"line":5,"column":25}},"loc":{"start":{"line":5,"column":25},"end":{"line":16,"column":1}}}},"branchMap":{},"s":{"0":0,"1":0,"2":0,"3":0},"f":{"0":0},"b":{}}
,"C:\\Users\\admin\\Desktop\\lablink\\lablink-frontend\\src\\core\\components\\layout\\RouteGuards.tsx": {"path":"C:\\Users\\admin\\Desktop\\lablink\\lablink-frontend\\src\\core\\components\\layout\\RouteGuards.tsx","statementMap":{"0":{"start":{"line":5,"column":0},"end":{"line":5,"column":16}},"1":{"start":{"line":11,"column":0},"end":{"line":11,"column":16}},"2":{"start":{"line":19,"column":0},"end":{"line":19,"column":16}},"3":{"start":{"line":1,"column":0},"end":{"line":1,"column":52}},"4":{"start":{"line":2,"column":0},"end":{"line":2,"column":63}},"5":{"start":{"line":6,"column":26},"end":{"line":6,"column":64}},"6":{"start":{"line":6,"column":46},"end":{"line":6,"column":63}},"7":{"start":{"line":7,"column":2},"end":{"line":7,"column":73}},"8":{"start":{"line":12,"column":15},"end":{"line":12,"column":42}},"9":{"start":{"line":12,"column":35},"end":{"line":12,"column":41}},"10":{"start":{"line":13,"column":2},"end":{"line":13,"column":53}},"11":{"start":{"line":13,"column":13},"end":{"line":13,"column":53}},"12":{"start":{"line":14,"column":2},"end":{"line":14,"column":71}},"13":{"start":{"line":14,"column":29},"end":{"line":14,"column":71}},"14":{"start":{"line":15,"column":2},"end":{"line":15,"column":20}},"15":{"start":{"line":20,"column":36},"end":{"line":20,"column":50}},"16":{"start":{"line":21,"column":2},"end":{"line":21,"column":42}},"17":{"start":{"line":21,"column":24},"end":{"line":21,"column":42}},"18":{"start":{"line":22,"column":2},"end":{"line":22,"column":82}}},"fnMap":{"0":{"name":"ProtectedRoute","decl":{"start":{"line":5,"column":16},"end":{"line":5,"column":30}},"loc":{"start":{"line":5,"column":30},"end":{"line":8,"column":1}}},"1":{"name":"(anonymous_1)","decl":{"start":{"line":6,"column":39},"end":{"line":6,"column":40}},"loc":{"start":{"line":6,"column":46},"end":{"line":6,"column":63}}},"2":{"name":"AdminRoute","decl":{"start":{"line":11,"column":16},"end":{"line":11,"column":26}},"loc":{"start":{"line":11,"column":26},"end":{"line":16,"column":1}}},"3":{"name":"(anonymous_3)","decl":{"start":{"line":12,"column":28},"end":{"line":12,"column":29}},"loc":{"start":{"line":12,"column":35},"end":{"line":12,"column":41}}},"4":{"name":"PublicRoute","decl":{"start":{"line":19,"column":16},"end":{"line":19,"column":27}},"loc":{"start":{"line":19,"column":27},"end":{"line":23,"column":1}}}},"branchMap":{"0":{"loc":{"start":{"line":7,"column":9},"end":{"line":7,"column":72}},"type":"cond-expr","locations":[{"start":{"line":7,"column":27},"end":{"line":7,"column":37}},{"start":{"line":7,"column":40},"end":{"line":7,"column":72}}]},"1":{"loc":{"start":{"line":13,"column":2},"end":{"line":13,"column":53}},"type":"if","locations":[{"start":{"line":13,"column":2},"end":{"line":13,"column":53}}]},"2":{"loc":{"start":{"line":14,"column":2},"end":{"line":14,"column":71}},"type":"if","locations":[{"start":{"line":14,"column":2},"end":{"line":14,"column":71}}]},"3":{"loc":{"start":{"line":21,"column":2},"end":{"line":21,"column":42}},"type":"if","locations":[{"start":{"line":21,"column":2},"end":{"line":21,"column":42}}]},"4":{"loc":{"start":{"line":22,"column":23},"end":{"line":22,"column":69}},"type":"cond-expr","locations":[{"start":{"line":22,"column":48},"end":{"line":22,"column":56}},{"start":{"line":22,"column":59},"end":{"line":22,"column":69}}]}},"s":{"0":0,"1":0,"2":0,"3":0,"4":0,"5":0,"6":0,"7":0,"8":0,"9":0,"10":0,"11":0,"12":0,"13":0,"14":0,"15":0,"16":0,"17":0,"18":0},"f":{"0":0,"1":0,"2":0,"3":0,"4":0},"b":{"0":[0,0],"1":[0],"2":[0],"3":[0],"4":[0,0]}}
,"C:\\Users\\admin\\Desktop\\lablink\\lablink-frontend\\src\\core\\components\\layout\\Sidebar.tsx": {"path":"C:\\Users\\admin\\Desktop\\lablink\\lablink-frontend\\src\\core\\components\\layout\\Sidebar.tsx","statementMap":{"0":{"start":{"line":24,"column":0},"end":{"line":24,"column":16}},"1":{"start":{"line":121,"column":0},"end":{"line":121,"column":16}},"2":{"start":{"line":1,"column":0},"end":{"line":1,"column":43}},"3":{"start":{"line":2,"column":0},"end":{"line":2,"column":44}},"4":{"start":{"line":3,"column":0},"end":{"line":3,"column":null}},"5":{"start":{"line":7,"column":0},"end":{"line":7,"column":63}},"6":{"start":{"line":8,"column":0},"end":{"line":8,"column":56}},"7":{"start":{"line":9,"column":0},"end":{"line":9,"column":63}},"8":{"start":{"line":11,"column":19},"end":{"line":16,"column":2}},"9":{"start":{"line":18,"column":17},"end":{"line":22,"column":2}},"10":{"start":{"line":25,"column":15},"end":{"line":25,"column":42}},"11":{"start":{"line":25,"column":35},"end":{"line":25,"column":41}},"12":{"start":{"line":26,"column":21},"end":{"line":26,"column":30}},"13":{"start":{"line":27,"column":14},"end":{"line":27,"column":60}},"14":{"start":{"line":28,"column":34},"end":{"line":28,"column":63}},"15":{"start":{"line":30,"column":2},"end":{"line":38,"column":17}},"16":{"start":{"line":31,"column":18},"end":{"line":31,"column":57}},"17":{"start":{"line":32,"column":4},"end":{"line":32,"column":23}},"18":{"start":{"line":32,"column":16},"end":{"line":32,"column":23}},"19":{"start":{"line":33,"column":17},"end":{"line":33,"column":58}},"20":{"start":{"line":34,"column":4},"end":{"line":37,"column":38}},"21":{"start":{"line":35,"column":17},"end":{"line":35,"column":51}},"22":{"start":{"line":36,"column":17},"end":{"line":36,"column":52}},"23":{"start":{"line":37,"column":19},"end":{"line":37,"column":36}},"24":{"start":{"line":40,"column":2},"end":{"line":117,"column":4}},"25":{"start":{"line":64,"column":10},"end":{"line":65,"column":null}},"26":{"start":{"line":69,"column":14},"end":{"line":74,"column":17}},"27":{"start":{"line":78,"column":14},"end":{"line":81,"column":null}},"28":{"start":{"line":130,"column":2},"end":{"line":138,"column":4}}},"fnMap":{"0":{"name":"Sidebar","decl":{"start":{"line":24,"column":16},"end":{"line":24,"column":23}},"loc":{"start":{"line":24,"column":23},"end":{"line":118,"column":1}}},"1":{"name":"(anonymous_1)","decl":{"start":{"line":25,"column":28},"end":{"line":25,"column":29}},"loc":{"start":{"line":25,"column":35},"end":{"line":25,"column":41}}},"2":{"name":"(anonymous_2)","decl":{"start":{"line":30,"column":12},"end":{"line":30,"column":15}},"loc":{"start":{"line":30,"column":17},"end":{"line":38,"column":3}}},"3":{"name":"(anonymous_3)","decl":{"start":{"line":35,"column":12},"end":{"line":35,"column":13}},"loc":{"start":{"line":35,"column":17},"end":{"line":35,"column":51}}},"4":{"name":"(anonymous_4)","decl":{"start":{"line":36,"column":12},"end":{"line":36,"column":13}},"loc":{"start":{"line":36,"column":17},"end":{"line":36,"column":52}}},"5":{"name":"(anonymous_5)","decl":{"start":{"line":37,"column":13},"end":{"line":37,"column":16}},"loc":{"start":{"line":37,"column":19},"end":{"line":37,"column":36}}},"6":{"name":"(anonymous_6)","decl":{"start":{"line":63,"column":17},"end":{"line":63,"column":18}},"loc":{"start":{"line":64,"column":10},"end":{"line":65,"column":null}}},"7":{"name":"(anonymous_7)","decl":{"start":{"line":68,"column":23},"end":{"line":68,"column":24}},"loc":{"start":{"line":69,"column":14},"end":{"line":74,"column":17}}},"8":{"name":"(anonymous_8)","decl":{"start":{"line":77,"column":13},"end":{"line":77,"column":14}},"loc":{"start":{"line":78,"column":14},"end":{"line":81,"column":null}}},"9":{"name":"PageHeader","decl":{"start":{"line":121,"column":16},"end":{"line":121,"column":26}},"loc":{"start":{"line":129,"column":1},"end":{"line":139,"column":1}}}},"branchMap":{"0":{"loc":{"start":{"line":27,"column":14},"end":{"line":27,"column":60}},"type":"cond-expr","locations":[{"start":{"line":27,"column":39},"end":{"line":27,"column":47}},{"start":{"line":27,"column":50},"end":{"line":27,"column":60}}]},"1":{"loc":{"start":{"line":32,"column":4},"end":{"line":32,"column":23}},"type":"if","locations":[{"start":{"line":32,"column":4},"end":{"line":32,"column":23}}]},"2":{"loc":{"start":{"line":33,"column":17},"end":{"line":33,"column":58}},"type":"binary-expr","locations":[{"start":{"line":33,"column":17},"end":{"line":33,"column":45}},{"start":{"line":33,"column":49},"end":{"line":33,"column":58}}]},"3":{"loc":{"start":{"line":35,"column":17},"end":{"line":35,"column":51}},"type":"cond-expr","locations":[{"start":{"line":35,"column":24},"end":{"line":35,"column":32}},{"start":{"line":35,"column":35},"end":{"line":35,"column":51}}]},"4":{"loc":{"start":{"line":49,"column":9},"end":{"line":54,"column":null}},"type":"binary-expr","locations":[{"start":{"line":49,"column":9},"end":{"line":49,"column":31}},{"start":{"line":50,"column":10},"end":{"line":53,"column":null}}]},"5":{"loc":{"start":{"line":61,"column":11},"end":{"line":61,"column":63}},"type":"cond-expr","locations":[{"start":{"line":61,"column":36},"end":{"line":61,"column":48}},{"start":{"line":61,"column":51},"end":{"line":61,"column":63}}]},"6":{"loc":{"start":{"line":71,"column":17},"end":{"line":73,"column":null}},"type":"cond-expr","locations":[{"start":{"line":72,"column":19},"end":{"line":72,"column":84}},{"start":{"line":73,"column":19},"end":{"line":73,"column":null}}]},"7":{"loc":{"start":{"line":79,"column":43},"end":{"line":79,"column":117}},"type":"cond-expr","locations":[{"start":{"line":79,"column":54},"end":{"line":79,"column":72}},{"start":{"line":79,"column":75},"end":{"line":79,"column":117}}]},"8":{"loc":{"start":{"line":81,"column":17},"end":{"line":81,"column":92}},"type":"binary-expr","locations":[{"start":{"line":81,"column":17},"end":{"line":81,"column":25}},{"start":{"line":81,"column":29},"end":{"line":81,"column":92}}]},"9":{"loc":{"start":{"line":93,"column":13},"end":{"line":95,"column":125}},"type":"cond-expr","locations":[{"start":{"line":94,"column":16},"end":{"line":94,"column":90}},{"start":{"line":95,"column":16},"end":{"line":95,"column":125}}]},"10":{"loc":{"start":{"line":134,"column":9},"end":{"line":134,"column":80}},"type":"binary-expr","locations":[{"start":{"line":134,"column":9},"end":{"line":134,"column":17}},{"start":{"line":134,"column":21},"end":{"line":134,"column":80}}]},"11":{"loc":{"start":{"line":136,"column":7},"end":{"line":136,"column":74}},"type":"binary-expr","locations":[{"start":{"line":136,"column":7},"end":{"line":136,"column":14}},{"start":{"line":136,"column":18},"end":{"line":136,"column":74}}]}},"s":{"0":0,"1":0,"2":0,"3":0,"4":0,"5":0,"6":0,"7":0,"8":0,"9":0,"10":0,"11":0,"12":0,"13":0,"14":0,"15":0,"16":0,"17":0,"18":0,"19":0,"20":0,"21":0,"22":0,"23":0,"24":0,"25":0,"26":0,"27":0,"28":0},"f":{"0":0,"1":0,"2":0,"3":0,"4":0,"5":0,"6":0,"7":0,"8":0,"9":0},"b":{"0":[0,0],"1":[0],"2":[0,0],"3":[0,0],"4":[0,0],"5":[0,0],"6":[0,0],"7":[0,0],"8":[0,0],"9":[0,0],"10":[0,0],"11":[0,0]}}
,"C:\\Users\\admin\\Desktop\\lablink\\lablink-frontend\\src\\core\\components\\layout\\ThemeToggle.tsx": {"path":"C:\\Users\\admin\\Desktop\\lablink\\lablink-frontend\\src\\core\\components\\layout\\ThemeToggle.tsx","statementMap":{"0":{"start":{"line":4,"column":0},"end":{"line":4,"column":16}},"1":{"start":{"line":1,"column":0},"end":{"line":1,"column":41}},"2":{"start":{"line":2,"column":0},"end":{"line":2,"column":44}},"3":{"start":{"line":5,"column":30},"end":{"line":8,"column":4}},"4":{"start":{"line":6,"column":4},"end":{"line":7,"column":52}},"5":{"start":{"line":10,"column":2},"end":{"line":18,"column":15}},"6":{"start":{"line":11,"column":4},"end":{"line":17,"column":5}},"7":{"start":{"line":12,"column":6},"end":{"line":12,"column":53}},"8":{"start":{"line":13,"column":6},"end":{"line":13,"column":44}},"9":{"start":{"line":15,"column":6},"end":{"line":15,"column":56}},"10":{"start":{"line":16,"column":6},"end":{"line":16,"column":45}},"11":{"start":{"line":20,"column":2},"end":{"line":28,"column":4}},"12":{"start":{"line":22,"column":21},"end":{"line":22,"column":39}}},"fnMap":{"0":{"name":"ThemeToggle","decl":{"start":{"line":4,"column":16},"end":{"line":4,"column":27}},"loc":{"start":{"line":4,"column":27},"end":{"line":29,"column":1}}},"1":{"name":"(anonymous_1)","decl":{"start":{"line":5,"column":39},"end":{"line":5,"column":42}},"loc":{"start":{"line":5,"column":44},"end":{"line":8,"column":3}}},"2":{"name":"(anonymous_2)","decl":{"start":{"line":10,"column":12},"end":{"line":10,"column":15}},"loc":{"start":{"line":10,"column":17},"end":{"line":18,"column":3}}},"3":{"name":"(anonymous_3)","decl":{"start":{"line":22,"column":15},"end":{"line":22,"column":18}},"loc":{"start":{"line":22,"column":21},"end":{"line":22,"column":39}}}},"branchMap":{"0":{"loc":{"start":{"line":6,"column":11},"end":{"line":7,"column":51}},"type":"binary-expr","locations":[{"start":{"line":6,"column":11},"end":{"line":6,"column":62}},{"start":{"line":7,"column":11},"end":{"line":7,"column":51}}]},"1":{"loc":{"start":{"line":11,"column":4},"end":{"line":17,"column":5}},"type":"if","locations":[{"start":{"line":11,"column":4},"end":{"line":17,"column":5}},{"start":{"line":14,"column":11},"end":{"line":17,"column":5}}]},"2":{"loc":{"start":{"line":26,"column":7},"end":{"line":26,"column":54}},"type":"cond-expr","locations":[{"start":{"line":26,"column":16},"end":{"line":26,"column":33}},{"start":{"line":26,"column":36},"end":{"line":26,"column":54}}]}},"s":{"0":0,"1":0,"2":0,"3":0,"4":0,"5":0,"6":0,"7":0,"8":0,"9":0,"10":0,"11":0,"12":0},"f":{"0":0,"1":0,"2":0,"3":0},"b":{"0":[0,0],"1":[0,0],"2":[0,0]}}
,"C:\\Users\\admin\\Desktop\\lablink\\lablink-frontend\\src\\core\\components\\ui\\ThemeToggle.tsx": {"path":"C:\\Users\\admin\\Desktop\\lablink\\lablink-frontend\\src\\core\\components\\ui\\ThemeToggle.tsx","statementMap":{"0":{"start":{"line":8,"column":0},"end":{"line":8,"column":16}},"1":{"start":{"line":1,"column":0},"end":{"line":1,"column":41}},"2":{"start":{"line":2,"column":0},"end":{"line":2,"column":56}},"3":{"start":{"line":9,"column":33},"end":{"line":9,"column":48}},"4":{"start":{"line":11,"column":2},"end":{"line":30,"column":4}}},"fnMap":{"0":{"name":"ThemeToggle","decl":{"start":{"line":8,"column":16},"end":{"line":8,"column":27}},"loc":{"start":{"line":8,"column":53},"end":{"line":31,"column":1}}}},"branchMap":{"0":{"loc":{"start":{"line":8,"column":30},"end":{"line":8,"column":44}},"type":"default-arg","locations":[{"start":{"line":8,"column":42},"end":{"line":8,"column":44}}]},"1":{"loc":{"start":{"line":14,"column":31},"end":{"line":14,"column":66}},"type":"cond-expr","locations":[{"start":{"line":14,"column":50},"end":{"line":14,"column":57}},{"start":{"line":14,"column":60},"end":{"line":14,"column":66}}]},"2":{"loc":{"start":{"line":25,"column":7},"end":{"line":27,"column":28}},"type":"cond-expr","locations":[{"start":{"line":26,"column":10},"end":{"line":26,"column":27}},{"start":{"line":27,"column":10},"end":{"line":27,"column":28}}]}},"s":{"0":1,"1":1,"2":1,"3":0,"4":0},"f":{"0":0},"b":{"0":[0],"1":[0,0],"2":[0,0]}}
,"C:\\Users\\admin\\Desktop\\lablink\\lablink-frontend\\src\\core\\components\\ui\\index.tsx": {"path":"C:\\Users\\admin\\Desktop\\lablink\\lablink-frontend\\src\\core\\components\\ui\\index.tsx","statementMap":{"0":{"start":{"line":6,"column":0},"end":{"line":6,"column":16}},"1":{"start":{"line":13,"column":0},"end":{"line":13,"column":16}},"2":{"start":{"line":22,"column":0},"end":{"line":22,"column":16}},"3":{"start":{"line":37,"column":0},"end":{"line":37,"column":16}},"4":{"start":{"line":47,"column":0},"end":{"line":47,"column":16}},"5":{"start":{"line":71,"column":0},"end":{"line":71,"column":16}},"6":{"start":{"line":110,"column":0},"end":{"line":110,"column":16}},"7":{"start":{"line":1,"column":0},"end":{"line":1,"column":33}},"8":{"start":{"line":7,"column":12},"end":{"line":7,"column":67}},"9":{"start":{"line":8,"column":2},"end":{"line":10,"column":4}},"10":{"start":{"line":14,"column":2},"end":{"line":18,"column":4}},"11":{"start":{"line":23,"column":17},"end":{"line":27,"column":11}},"12":{"start":{"line":29,"column":2},"end":{"line":34,"column":4}},"13":{"start":{"line":38,"column":17},"end":{"line":42,"column":11}},"14":{"start":{"line":43,"column":2},"end":{"line":43,"column":60}},"15":{"start":{"line":58,"column":2},"end":{"line":67,"column":4}},"16":{"start":{"line":84,"column":2},"end":{"line":84,"column":25}},"17":{"start":{"line":84,"column":13},"end":{"line":84,"column":25}},"18":{"start":{"line":85,"column":2},"end":{"line":106,"column":4}},"19":{"start":{"line":129,"column":2},"end":{"line":143,"column":4}},"20":{"start":{"line":145,"column":0},"end":{"line":145,"column":9}},"21":{"start":{"line":145,"column":9},"end":{"line":145,"column":44}}},"fnMap":{"0":{"name":"Spinner","decl":{"start":{"line":6,"column":16},"end":{"line":6,"column":23}},"loc":{"start":{"line":6,"column":70},"end":{"line":11,"column":1}}},"1":{"name":"FullPageSpinner","decl":{"start":{"line":13,"column":16},"end":{"line":13,"column":31}},"loc":{"start":{"line":13,"column":31},"end":{"line":19,"column":1}}},"2":{"name":"EquipmentStatusBadge","decl":{"start":{"line":22,"column":16},"end":{"line":22,"column":36}},"loc":{"start":{"line":22,"column":76},"end":{"line":35,"column":1}}},"3":{"name":"BorrowStatusBadge","decl":{"start":{"line":37,"column":16},"end":{"line":37,"column":33}},"loc":{"start":{"line":37,"column":70},"end":{"line":44,"column":1}}},"4":{"name":"EmptyState","decl":{"start":{"line":47,"column":16},"end":{"line":47,"column":26}},"loc":{"start":{"line":57,"column":1},"end":{"line":68,"column":1}}},"5":{"name":"Modal","decl":{"start":{"line":71,"column":16},"end":{"line":71,"column":21}},"loc":{"start":{"line":83,"column":1},"end":{"line":107,"column":1}}},"6":{"name":"ConfirmDialog","decl":{"start":{"line":110,"column":16},"end":{"line":110,"column":29}},"loc":{"start":{"line":128,"column":1},"end":{"line":144,"column":1}}},"7":{"name":"(anonymous_7)","decl":{"start":{"line":145,"column":9},"end":{"line":145,"column":20}},"loc":{"start":{"line":145,"column":9},"end":{"line":145,"column":44}}}},"branchMap":{"0":{"loc":{"start":{"line":6,"column":26},"end":{"line":6,"column":37}},"type":"default-arg","locations":[{"start":{"line":6,"column":33},"end":{"line":6,"column":37}}]},"1":{"loc":{"start":{"line":64,"column":7},"end":{"line":64,"column":86}},"type":"binary-expr","locations":[{"start":{"line":64,"column":7},"end":{"line":64,"column":18}},{"start":{"line":64,"column":22},"end":{"line":64,"column":86}}]},"2":{"loc":{"start":{"line":65,"column":7},"end":{"line":65,"column":53}},"type":"binary-expr","locations":[{"start":{"line":65,"column":7},"end":{"line":65,"column":13}},{"start":{"line":65,"column":17},"end":{"line":65,"column":53}}]},"3":{"loc":{"start":{"line":76,"column":2},"end":{"line":76,"column":23}},"type":"default-arg","locations":[{"start":{"line":76,"column":13},"end":{"line":76,"column":23}}]},"4":{"loc":{"start":{"line":84,"column":2},"end":{"line":84,"column":25}},"type":"if","locations":[{"start":{"line":84,"column":2},"end":{"line":84,"column":25}}]},"5":{"loc":{"start":{"line":116,"column":2},"end":{"line":116,"column":26}},"type":"default-arg","locations":[{"start":{"line":116,"column":17},"end":{"line":116,"column":26}}]},"6":{"loc":{"start":{"line":117,"column":2},"end":{"line":117,"column":16}},"type":"default-arg","locations":[{"start":{"line":117,"column":11},"end":{"line":117,"column":16}}]},"7":{"loc":{"start":{"line":118,"column":2},"end":{"line":118,"column":19}},"type":"default-arg","locations":[{"start":{"line":118,"column":14},"end":{"line":118,"column":19}}]},"8":{"loc":{"start":{"line":137,"column":21},"end":{"line":137,"column":74}},"type":"cond-expr","locations":[{"start":{"line":137,"column":30},"end":{"line":137,"column":50}},{"start":{"line":137,"column":53},"end":{"line":137,"column":74}}]},"9":{"loc":{"start":{"line":139,"column":11},"end":{"line":139,"column":59}},"type":"cond-expr","locations":[{"start":{"line":139,"column":23},"end":{"line":139,"column":44}},{"start":{"line":139,"column":47},"end":{"line":139,"column":59}}]}},"s":{"0":1,"1":1,"2":1,"3":1,"4":1,"5":1,"6":1,"7":1,"8":2,"9":2,"10":0,"11":8,"12":8,"13":0,"14":0,"15":0,"16":9,"17":1,"18":8,"19":0,"20":1,"21":1},"f":{"0":2,"1":0,"2":8,"3":0,"4":0,"5":9,"6":0,"7":0},"b":{"0":[0],"1":[0,0],"2":[0,0],"3":[9],"4":[1],"5":[0],"6":[0],"7":[0],"8":[0,0],"9":[0,0]}}
,"C:\\Users\\admin\\Desktop\\lablink\\lablink-frontend\\src\\core\\store\\themeStore.ts": {"path":"C:\\Users\\admin\\Desktop\\lablink\\lablink-frontend\\src\\core\\store\\themeStore.ts","statementMap":{"0":{"start":{"line":1,"column":0},"end":{"line":1,"column":33}},"1":{"start":{"line":12,"column":15},"end":{"line":12,"column":39}},"2":{"start":{"line":13,"column":2},"end":{"line":19,"column":3}},"3":{"start":{"line":14,"column":4},"end":{"line":14,"column":32}},"4":{"start":{"line":15,"column":4},"end":{"line":15,"column":34}},"5":{"start":{"line":17,"column":4},"end":{"line":17,"column":31}},"6":{"start":{"line":18,"column":4},"end":{"line":18,"column":35}},"7":{"start":{"line":22,"column":13},"end":{"line":40,"column":3}},"8":{"start":{"line":23,"column":17},"end":{"line":23,"column":76}},"9":{"start":{"line":24,"column":2},"end":{"line":24,"column":20}},"10":{"start":{"line":25,"column":2},"end":{"line":39,"column":4}},"11":{"start":{"line":28,"column":6},"end":{"line":33,"column":8}},"12":{"start":{"line":29,"column":28},"end":{"line":29,"column":69}},"13":{"start":{"line":30,"column":8},"end":{"line":30,"column":47}},"14":{"start":{"line":31,"column":8},"end":{"line":31,"column":25}},"15":{"start":{"line":32,"column":8},"end":{"line":32,"column":31}},"16":{"start":{"line":35,"column":6},"end":{"line":35,"column":42}},"17":{"start":{"line":36,"column":6},"end":{"line":36,"column":20}},"18":{"start":{"line":37,"column":6},"end":{"line":37,"column":24}}},"fnMap":{"0":{"name":"applyTheme","decl":{"start":{"line":11,"column":9},"end":{"line":11,"column":19}},"loc":{"start":{"line":11,"column":32},"end":{"line":20,"column":1}}},"1":{"name":"(anonymous_1)","decl":{"start":{"line":22,"column":48},"end":{"line":22,"column":49}},"loc":{"start":{"line":22,"column":56},"end":{"line":40,"column":1}}},"2":{"name":"(anonymous_2)","decl":{"start":{"line":27,"column":17},"end":{"line":27,"column":20}},"loc":{"start":{"line":28,"column":6},"end":{"line":33,"column":8}}},"3":{"name":"(anonymous_3)","decl":{"start":{"line":28,"column":10},"end":{"line":28,"column":11}},"loc":{"start":{"line":28,"column":20},"end":{"line":33,"column":7}}},"4":{"name":"(anonymous_4)","decl":{"start":{"line":34,"column":14},"end":{"line":34,"column":15}},"loc":{"start":{"line":34,"column":20},"end":{"line":38,"column":5}}}},"branchMap":{"0":{"loc":{"start":{"line":13,"column":2},"end":{"line":19,"column":3}},"type":"if","locations":[{"start":{"line":13,"column":2},"end":{"line":19,"column":3}},{"start":{"line":16,"column":9},"end":{"line":19,"column":3}}]},"1":{"loc":{"start":{"line":23,"column":17},"end":{"line":23,"column":76}},"type":"binary-expr","locations":[{"start":{"line":23,"column":17},"end":{"line":23,"column":66}},{"start":{"line":23,"column":70},"end":{"line":23,"column":76}}]},"2":{"loc":{"start":{"line":29,"column":28},"end":{"line":29,"column":69}},"type":"cond-expr","locations":[{"start":{"line":29,"column":53},"end":{"line":29,"column":60}},{"start":{"line":29,"column":63},"end":{"line":29,"column":69}}]}},"s":{"0":1,"1":1,"2":1,"3":0,"4":0,"5":1,"6":1,"7":1,"8":1,"9":1,"10":1,"11":0,"12":0,"13":0,"14":0,"15":0,"16":0,"17":0,"18":0},"f":{"0":1,"1":1,"2":0,"3":0,"4":0},"b":{"0":[0,1],"1":[1,1],"2":[0,0]}}
,"C:\\Users\\admin\\Desktop\\lablink\\lablink-frontend\\src\\features\\admin\\pages\\AdminBorrowsPage.tsx": {"path":"C:\\Users\\admin\\Desktop\\lablink\\lablink-frontend\\src\\features\\admin\\pages\\AdminBorrowsPage.tsx","statementMap":{"0":{"start":{"line":13,"column":0},"end":{"line":13,"column":24}},"1":{"start":{"line":1,"column":0},"end":{"line":1,"column":44}},"2":{"start":{"line":2,"column":0},"end":{"line":2,"column":73}},"3":{"start":{"line":3,"column":0},"end":{"line":3,"column":52}},"4":{"start":{"line":4,"column":0},"end":{"line":4,"column":50}},"5":{"start":{"line":5,"column":0},"end":{"line":5,"column":101}},"6":{"start":{"line":6,"column":0},"end":{"line":6,"column":62}},"7":{"start":{"line":8,"column":0},"end":{"line":8,"column":36}},"8":{"start":{"line":9,"column":0},"end":{"line":9,"column":55}},"9":{"start":{"line":14,"column":42},"end":{"line":14,"column":70}},"10":{"start":{"line":15,"column":42},"end":{"line":15,"column":56}},"11":{"start":{"line":16,"column":42},"end":{"line":16,"column":71}},"12":{"start":{"line":17,"column":42},"end":{"line":17,"column":57}},"13":{"start":{"line":18,"column":42},"end":{"line":18,"column":71}},"14":{"start":{"line":20,"column":23},"end":{"line":26,"column":3}},"15":{"start":{"line":21,"column":4},"end":{"line":21,"column":23}},"16":{"start":{"line":22,"column":4},"end":{"line":25,"column":42}},"17":{"start":{"line":23,"column":23},"end":{"line":23,"column":96}},"18":{"start":{"line":23,"column":62},"end":{"line":23,"column":96}},"19":{"start":{"line":24,"column":22},"end":{"line":24,"column":55}},"20":{"start":{"line":25,"column":21},"end":{"line":25,"column":40}},"21":{"start":{"line":27,"column":2},"end":{"line":27,"column":30}},"22":{"start":{"line":29,"column":23},"end":{"line":37,"column":3}},"23":{"start":{"line":30,"column":4},"end":{"line":30,"column":27}},"24":{"start":{"line":30,"column":20},"end":{"line":30,"column":27}},"25":{"start":{"line":31,"column":4},"end":{"line":31,"column":23}},"26":{"start":{"line":32,"column":4},"end":{"line":36,"column":56}},"27":{"start":{"line":33,"column":18},"end":{"line":33,"column":57}},"28":{"start":{"line":34,"column":6},"end":{"line":34,"column":90}},"29":{"start":{"line":34,"column":30},"end":{"line":34,"column":72}},"30":{"start":{"line":34,"column":73},"end":{"line":34,"column":88}},"31":{"start":{"line":35,"column":20},"end":{"line":35,"column":54}},"32":{"start":{"line":36,"column":14},"end":{"line":36,"column":34}},"33":{"start":{"line":36,"column":35},"end":{"line":36,"column":54}},"34":{"start":{"line":39,"column":20},"end":{"line":39,"column":104}},"35":{"start":{"line":39,"column":41},"end":{"line":39,"column":104}},"36":{"start":{"line":41,"column":19},"end":{"line":46,"column":4}},"37":{"start":{"line":42,"column":4},"end":{"line":42,"column":43}},"38":{"start":{"line":42,"column":31},"end":{"line":42,"column":43}},"39":{"start":{"line":43,"column":4},"end":{"line":43,"column":51}},"40":{"start":{"line":43,"column":31},"end":{"line":43,"column":51}},"41":{"start":{"line":44,"column":4},"end":{"line":44,"column":77}},"42":{"start":{"line":44,"column":31},"end":{"line":44,"column":77}},"43":{"start":{"line":45,"column":4},"end":{"line":45,"column":31}},"44":{"start":{"line":48,"column":72},"end":{"line":53,"column":4}},"45":{"start":{"line":50,"column":71},"end":{"line":50,"column":109}},"46":{"start":{"line":52,"column":71},"end":{"line":52,"column":94}},"47":{"start":{"line":55,"column":2},"end":{"line":150,"column":4}},"48":{"start":{"line":62,"column":10},"end":{"line":62,"column":30}},"49":{"start":{"line":62,"column":45},"end":{"line":62,"column":61}},"50":{"start":{"line":85,"column":20},"end":{"line":85,"column":32}},"51":{"start":{"line":91,"column":34},"end":{"line":91,"column":51}},"52":{"start":{"line":92,"column":18},"end":{"line":132,"column":20}},"53":{"start":{"line":123,"column":49},"end":{"line":123,"column":72}},"54":{"start":{"line":142,"column":23},"end":{"line":142,"column":41}}},"fnMap":{"0":{"name":"AdminBorrowsPage","decl":{"start":{"line":13,"column":24},"end":{"line":13,"column":40}},"loc":{"start":{"line":13,"column":40},"end":{"line":151,"column":1}}},"1":{"name":"(anonymous_1)","decl":{"start":{"line":20,"column":23},"end":{"line":20,"column":26}},"loc":{"start":{"line":20,"column":28},"end":{"line":26,"column":3}}},"2":{"name":"(anonymous_2)","decl":{"start":{"line":23,"column":12},"end":{"line":23,"column":13}},"loc":{"start":{"line":23,"column":20},"end":{"line":23,"column":98}}},"3":{"name":"(anonymous_3)","decl":{"start":{"line":24,"column":13},"end":{"line":24,"column":14}},"loc":{"start":{"line":24,"column":22},"end":{"line":24,"column":55}}},"4":{"name":"(anonymous_4)","decl":{"start":{"line":25,"column":15},"end":{"line":25,"column":18}},"loc":{"start":{"line":25,"column":21},"end":{"line":25,"column":40}}},"5":{"name":"(anonymous_5)","decl":{"start":{"line":29,"column":23},"end":{"line":29,"column":28}},"loc":{"start":{"line":29,"column":34},"end":{"line":37,"column":3}}},"6":{"name":"(anonymous_6)","decl":{"start":{"line":39,"column":20},"end":{"line":39,"column":21}},"loc":{"start":{"line":39,"column":41},"end":{"line":39,"column":104}}},"7":{"name":"(anonymous_7)","decl":{"start":{"line":41,"column":34},"end":{"line":41,"column":35}},"loc":{"start":{"line":41,"column":40},"end":{"line":46,"column":3}}},"8":{"name":"(anonymous_8)","decl":{"start":{"line":50,"column":66},"end":{"line":50,"column":67}},"loc":{"start":{"line":50,"column":71},"end":{"line":50,"column":109}}},"9":{"name":"(anonymous_9)","decl":{"start":{"line":52,"column":66},"end":{"line":52,"column":67}},"loc":{"start":{"line":52,"column":71},"end":{"line":52,"column":94}}},"10":{"name":"(anonymous_10)","decl":{"start":{"line":61,"column":18},"end":{"line":61,"column":19}},"loc":{"start":{"line":62,"column":10},"end":{"line":62,"column":30}}},"11":{"name":"(anonymous_11)","decl":{"start":{"line":62,"column":39},"end":{"line":62,"column":42}},"loc":{"start":{"line":62,"column":45},"end":{"line":62,"column":61}}},"12":{"name":"(anonymous_12)","decl":{"start":{"line":84,"column":82},"end":{"line":84,"column":83}},"loc":{"start":{"line":85,"column":20},"end":{"line":85,"column":32}}},"13":{"name":"(anonymous_13)","decl":{"start":{"line":90,"column":30},"end":{"line":90,"column":31}},"loc":{"start":{"line":90,"column":41},"end":{"line":133,"column":17}}},"14":{"name":"(anonymous_14)","decl":{"start":{"line":123,"column":43},"end":{"line":123,"column":46}},"loc":{"start":{"line":123,"column":49},"end":{"line":123,"column":72}}},"15":{"name":"(anonymous_15)","decl":{"start":{"line":142,"column":17},"end":{"line":142,"column":20}},"loc":{"start":{"line":142,"column":23},"end":{"line":142,"column":41}}}},"branchMap":{"0":{"loc":{"start":{"line":23,"column":23},"end":{"line":23,"column":96}},"type":"if","locations":[{"start":{"line":23,"column":23},"end":{"line":23,"column":96}}]},"1":{"loc":{"start":{"line":23,"column":27},"end":{"line":23,"column":60}},"type":"binary-expr","locations":[{"start":{"line":23,"column":27},"end":{"line":23,"column":43}},{"start":{"line":23,"column":47},"end":{"line":23,"column":60}}]},"2":{"loc":{"start":{"line":30,"column":4},"end":{"line":30,"column":27}},"type":"if","locations":[{"start":{"line":30,"column":4},"end":{"line":30,"column":27}}]},"3":{"loc":{"start":{"line":34,"column":6},"end":{"line":34,"column":90}},"type":"if","locations":[{"start":{"line":34,"column":6},"end":{"line":34,"column":90}}]},"4":{"loc":{"start":{"line":39,"column":41},"end":{"line":39,"column":104}},"type":"binary-expr","locations":[{"start":{"line":39,"column":41},"end":{"line":39,"column":62}},{"start":{"line":39,"column":66},"end":{"line":39,"column":104}}]},"5":{"loc":{"start":{"line":42,"column":4},"end":{"line":42,"column":43}},"type":"if","locations":[{"start":{"line":42,"column":4},"end":{"line":42,"column":43}}]},"6":{"loc":{"start":{"line":43,"column":4},"end":{"line":43,"column":51}},"type":"if","locations":[{"start":{"line":43,"column":4},"end":{"line":43,"column":51}}]},"7":{"loc":{"start":{"line":44,"column":4},"end":{"line":44,"column":77}},"type":"if","locations":[{"start":{"line":44,"column":4},"end":{"line":44,"column":77}}]},"8":{"loc":{"start":{"line":44,"column":38},"end":{"line":44,"column":76}},"type":"binary-expr","locations":[{"start":{"line":44,"column":38},"end":{"line":44,"column":59}},{"start":{"line":44,"column":63},"end":{"line":44,"column":76}}]},"9":{"loc":{"start":{"line":50,"column":71},"end":{"line":50,"column":109}},"type":"binary-expr","locations":[{"start":{"line":50,"column":71},"end":{"line":50,"column":92}},{"start":{"line":50,"column":96},"end":{"line":50,"column":109}}]},"10":{"loc":{"start":{"line":64,"column":16},"end":{"line":66,"column":54}},"type":"cond-expr","locations":[{"start":{"line":65,"column":18},"end":{"line":65,"column":45}},{"start":{"line":66,"column":18},"end":{"line":66,"column":54}}]},"11":{"loc":{"start":{"line":69,"column":16},"end":{"line":69,"column":81}},"type":"cond-expr","locations":[{"start":{"line":69,"column":35},"end":{"line":69,"column":48}},{"start":{"line":69,"column":51},"end":{"line":69,"column":81}}]},"12":{"loc":{"start":{"line":76,"column":7},"end":{"line":137,"column":null}},"type":"cond-expr","locations":[{"start":{"line":76,"column":19},"end":{"line":76,"column":38}},{"start":{"line":76,"column":41},"end":{"line":137,"column":null}}]},"13":{"loc":{"start":{"line":76,"column":41},"end":{"line":137,"column":null}},"type":"cond-expr","locations":[{"start":{"line":77,"column":8},"end":{"line":77,"column":94}},{"start":{"line":79,"column":8},"end":{"line":136,"column":null}}]},"14":{"loc":{"start":{"line":93,"column":96},"end":{"line":93,"column":128}},"type":"cond-expr","locations":[{"start":{"line":93,"column":106},"end":{"line":93,"column":123}},{"start":{"line":93,"column":126},"end":{"line":93,"column":128}}]},"15":{"loc":{"start":{"line":97,"column":29},"end":{"line":99,"column":86}},"type":"cond-expr","locations":[{"start":{"line":98,"column":32},"end":{"line":98,"column":113}},{"start":{"line":99,"column":32},"end":{"line":99,"column":86}}]},"16":{"loc":{"start":{"line":109,"column":74},"end":{"line":109,"column":119}},"type":"cond-expr","locations":[{"start":{"line":109,"column":84},"end":{"line":109,"column":101}},{"start":{"line":109,"column":104},"end":{"line":109,"column":119}}]},"17":{"loc":{"start":{"line":112,"column":25},"end":{"line":115,"column":null}},"type":"binary-expr","locations":[{"start":{"line":112,"column":25},"end":{"line":112,"column":32}},{"start":{"line":113,"column":26},"end":{"line":114,"column":null}}]},"18":{"loc":{"start":{"line":119,"column":51},"end":{"line":119,"column":86}},"type":"cond-expr","locations":[{"start":{"line":119,"column":61},"end":{"line":119,"column":70}},{"start":{"line":119,"column":73},"end":{"line":119,"column":86}}]},"19":{"loc":{"start":{"line":122,"column":25},"end":{"line":128,"column":null}},"type":"binary-expr","locations":[{"start":{"line":122,"column":26},"end":{"line":122,"column":52}},{"start":{"line":122,"column":56},"end":{"line":122,"column":63}},{"start":{"line":123,"column":26},"end":{"line":127,"column":null}}]}},"s":{"0":0,"1":0,"2":0,"3":0,"4":0,"5":0,"6":0,"7":0,"8":0,"9":0,"10":0,"11":0,"12":0,"13":0,"14":0,"15":0,"16":0,"17":0,"18":0,"19":0,"20":0,"21":0,"22":0,"23":0,"24":0,"25":0,"26":0,"27":0,"28":0,"29":0,"30":0,"31":0,"32":0,"33":0,"34":0,"35":0,"36":0,"37":0,"38":0,"39":0,"40":0,"41":0,"42":0,"43":0,"44":0,"45":0,"46":0,"47":0,"48":0,"49":0,"50":0,"51":0,"52":0,"53":0,"54":0},"f":{"0":0,"1":0,"2":0,"3":0,"4":0,"5":0,"6":0,"7":0,"8":0,"9":0,"10":0,"11":0,"12":0,"13":0,"14":0,"15":0},"b":{"0":[0],"1":[0,0],"2":[0],"3":[0],"4":[0,0],"5":[0],"6":[0],"7":[0],"8":[0,0],"9":[0,0],"10":[0,0],"11":[0,0],"12":[0,0],"13":[0,0],"14":[0,0],"15":[0,0],"16":[0,0],"17":[0,0],"18":[0,0],"19":[0,0,0]}}
,"C:\\Users\\admin\\Desktop\\lablink\\lablink-frontend\\src\\features\\admin\\pages\\AdminDashboardPage.tsx": {"path":"C:\\Users\\admin\\Desktop\\lablink\\lablink-frontend\\src\\features\\admin\\pages\\AdminDashboardPage.tsx","statementMap":{"0":{"start":{"line":11,"column":0},"end":{"line":11,"column":24}},"1":{"start":{"line":1,"column":0},"end":{"line":1,"column":44}},"2":{"start":{"line":2,"column":0},"end":{"line":2,"column":82}},"3":{"start":{"line":3,"column":0},"end":{"line":3,"column":52}},"4":{"start":{"line":4,"column":0},"end":{"line":4,"column":50}},"5":{"start":{"line":5,"column":0},"end":{"line":5,"column":101}},"6":{"start":{"line":6,"column":0},"end":{"line":6,"column":62}},"7":{"start":{"line":8,"column":0},"end":{"line":8,"column":36}},"8":{"start":{"line":9,"column":0},"end":{"line":9,"column":55}},"9":{"start":{"line":12,"column":36},"end":{"line":12,"column":64}},"10":{"start":{"line":13,"column":36},"end":{"line":13,"column":50}},"11":{"start":{"line":14,"column":36},"end":{"line":14,"column":65}},"12":{"start":{"line":15,"column":36},"end":{"line":15,"column":51}},"13":{"start":{"line":17,"column":23},"end":{"line":23,"column":3}},"14":{"start":{"line":18,"column":4},"end":{"line":18,"column":23}},"15":{"start":{"line":19,"column":4},"end":{"line":22,"column":42}},"16":{"start":{"line":20,"column":23},"end":{"line":20,"column":96}},"17":{"start":{"line":20,"column":62},"end":{"line":20,"column":96}},"18":{"start":{"line":21,"column":22},"end":{"line":21,"column":55}},"19":{"start":{"line":22,"column":21},"end":{"line":22,"column":40}},"20":{"start":{"line":24,"column":2},"end":{"line":24,"column":30}},"21":{"start":{"line":26,"column":23},"end":{"line":41,"column":3}},"22":{"start":{"line":27,"column":4},"end":{"line":27,"column":27}},"23":{"start":{"line":27,"column":20},"end":{"line":27,"column":27}},"24":{"start":{"line":28,"column":4},"end":{"line":28,"column":23}},"25":{"start":{"line":29,"column":4},"end":{"line":40,"column":5}},"26":{"start":{"line":30,"column":18},"end":{"line":30,"column":57}},"27":{"start":{"line":31,"column":6},"end":{"line":34,"column":7}},"28":{"start":{"line":32,"column":8},"end":{"line":32,"column":71}},"29":{"start":{"line":33,"column":8},"end":{"line":33,"column":23}},"30":{"start":{"line":36,"column":6},"end":{"line":36,"column":40}},"31":{"start":{"line":38,"column":6},"end":{"line":38,"column":26}},"32":{"start":{"line":39,"column":6},"end":{"line":39,"column":25}},"33":{"start":{"line":43,"column":18},"end":{"line":43,"column":62}},"34":{"start":{"line":43,"column":40},"end":{"line":43,"column":61}},"35":{"start":{"line":44,"column":18},"end":{"line":44,"column":104}},"36":{"start":{"line":44,"column":40},"end":{"line":44,"column":103}},"37":{"start":{"line":46,"column":16},"end":{"line":51,"column":4}},"38":{"start":{"line":49,"column":57},"end":{"line":49,"column":80}},"39":{"start":{"line":53,"column":2},"end":{"line":149,"column":4}},"40":{"start":{"line":60,"column":10},"end":{"line":60,"column":null}},"41":{"start":{"line":91,"column":20},"end":{"line":91,"column":32}},"42":{"start":{"line":99,"column":36},"end":{"line":99,"column":109}},"43":{"start":{"line":100,"column":18},"end":{"line":131,"column":20}},"44":{"start":{"line":121,"column":43},"end":{"line":121,"column":66}},"45":{"start":{"line":141,"column":23},"end":{"line":141,"column":41}}},"fnMap":{"0":{"name":"AdminDashboardPage","decl":{"start":{"line":11,"column":24},"end":{"line":11,"column":42}},"loc":{"start":{"line":11,"column":42},"end":{"line":150,"column":1}}},"1":{"name":"(anonymous_1)","decl":{"start":{"line":17,"column":23},"end":{"line":17,"column":26}},"loc":{"start":{"line":17,"column":28},"end":{"line":23,"column":3}}},"2":{"name":"(anonymous_2)","decl":{"start":{"line":20,"column":12},"end":{"line":20,"column":13}},"loc":{"start":{"line":20,"column":20},"end":{"line":20,"column":98}}},"3":{"name":"(anonymous_3)","decl":{"start":{"line":21,"column":13},"end":{"line":21,"column":14}},"loc":{"start":{"line":21,"column":22},"end":{"line":21,"column":55}}},"4":{"name":"(anonymous_4)","decl":{"start":{"line":22,"column":15},"end":{"line":22,"column":18}},"loc":{"start":{"line":22,"column":21},"end":{"line":22,"column":40}}},"5":{"name":"(anonymous_5)","decl":{"start":{"line":26,"column":23},"end":{"line":26,"column":28}},"loc":{"start":{"line":26,"column":34},"end":{"line":41,"column":3}}},"6":{"name":"(anonymous_6)","decl":{"start":{"line":43,"column":33},"end":{"line":43,"column":34}},"loc":{"start":{"line":43,"column":40},"end":{"line":43,"column":61}}},"7":{"name":"(anonymous_7)","decl":{"start":{"line":44,"column":33},"end":{"line":44,"column":34}},"loc":{"start":{"line":44,"column":40},"end":{"line":44,"column":103}}},"8":{"name":"(anonymous_8)","decl":{"start":{"line":49,"column":52},"end":{"line":49,"column":53}},"loc":{"start":{"line":49,"column":57},"end":{"line":49,"column":80}}},"9":{"name":"(anonymous_9)","decl":{"start":{"line":59,"column":19},"end":{"line":59,"column":20}},"loc":{"start":{"line":60,"column":10},"end":{"line":60,"column":null}}},"10":{"name":"(anonymous_10)","decl":{"start":{"line":90,"column":93},"end":{"line":90,"column":94}},"loc":{"start":{"line":91,"column":20},"end":{"line":91,"column":32}}},"11":{"name":"(anonymous_11)","decl":{"start":{"line":98,"column":29},"end":{"line":98,"column":30}},"loc":{"start":{"line":98,"column":40},"end":{"line":132,"column":17}}},"12":{"name":"(anonymous_12)","decl":{"start":{"line":121,"column":37},"end":{"line":121,"column":40}},"loc":{"start":{"line":121,"column":43},"end":{"line":121,"column":66}}},"13":{"name":"(anonymous_13)","decl":{"start":{"line":141,"column":17},"end":{"line":141,"column":20}},"loc":{"start":{"line":141,"column":23},"end":{"line":141,"column":41}}}},"branchMap":{"0":{"loc":{"start":{"line":20,"column":23},"end":{"line":20,"column":96}},"type":"if","locations":[{"start":{"line":20,"column":23},"end":{"line":20,"column":96}}]},"1":{"loc":{"start":{"line":20,"column":27},"end":{"line":20,"column":60}},"type":"binary-expr","locations":[{"start":{"line":20,"column":27},"end":{"line":20,"column":43}},{"start":{"line":20,"column":47},"end":{"line":20,"column":60}}]},"2":{"loc":{"start":{"line":27,"column":4},"end":{"line":27,"column":27}},"type":"if","locations":[{"start":{"line":27,"column":4},"end":{"line":27,"column":27}}]},"3":{"loc":{"start":{"line":31,"column":6},"end":{"line":34,"column":7}},"type":"if","locations":[{"start":{"line":31,"column":6},"end":{"line":34,"column":7}}]},"4":{"loc":{"start":{"line":44,"column":40},"end":{"line":44,"column":103}},"type":"binary-expr","locations":[{"start":{"line":44,"column":40},"end":{"line":44,"column":61}},{"start":{"line":44,"column":65},"end":{"line":44,"column":103}}]},"5":{"loc":{"start":{"line":81,"column":9},"end":{"line":135,"column":null}},"type":"cond-expr","locations":[{"start":{"line":82,"column":10},"end":{"line":82,"column":56}},{"start":{"line":83,"column":12},"end":{"line":135,"column":null}}]},"6":{"loc":{"start":{"line":83,"column":12},"end":{"line":135,"column":null}},"type":"cond-expr","locations":[{"start":{"line":84,"column":10},"end":{"line":84,"column":91}},{"start":{"line":86,"column":10},"end":{"line":134,"column":null}}]},"7":{"loc":{"start":{"line":99,"column":36},"end":{"line":99,"column":109}},"type":"binary-expr","locations":[{"start":{"line":99,"column":36},"end":{"line":99,"column":62}},{"start":{"line":99,"column":66},"end":{"line":99,"column":109}}]},"8":{"loc":{"start":{"line":101,"column":96},"end":{"line":101,"column":130}},"type":"cond-expr","locations":[{"start":{"line":101,"column":108},"end":{"line":101,"column":125}},{"start":{"line":101,"column":128},"end":{"line":101,"column":130}}]},"9":{"loc":{"start":{"line":110,"column":74},"end":{"line":110,"column":121}},"type":"cond-expr","locations":[{"start":{"line":110,"column":86},"end":{"line":110,"column":103}},{"start":{"line":110,"column":106},"end":{"line":110,"column":121}}]},"10":{"loc":{"start":{"line":113,"column":25},"end":{"line":113,"column":111}},"type":"binary-expr","locations":[{"start":{"line":113,"column":25},"end":{"line":113,"column":34}},{"start":{"line":113,"column":38},"end":{"line":113,"column":111}}]},"11":{"loc":{"start":{"line":116,"column":51},"end":{"line":116,"column":88}},"type":"cond-expr","locations":[{"start":{"line":116,"column":63},"end":{"line":116,"column":72}},{"start":{"line":116,"column":75},"end":{"line":116,"column":88}}]},"12":{"loc":{"start":{"line":119,"column":25},"end":{"line":127,"column":null}},"type":"binary-expr","locations":[{"start":{"line":119,"column":25},"end":{"line":119,"column":51}},{"start":{"line":120,"column":26},"end":{"line":126,"column":null}}]}},"s":{"0":0,"1":0,"2":0,"3":0,"4":0,"5":0,"6":0,"7":0,"8":0,"9":0,"10":0,"11":0,"12":0,"13":0,"14":0,"15":0,"16":0,"17":0,"18":0,"19":0,"20":0,"21":0,"22":0,"23":0,"24":0,"25":0,"26":0,"27":0,"28":0,"29":0,"30":0,"31":0,"32":0,"33":0,"34":0,"35":0,"36":0,"37":0,"38":0,"39":0,"40":0,"41":0,"42":0,"43":0,"44":0,"45":0},"f":{"0":0,"1":0,"2":0,"3":0,"4":0,"5":0,"6":0,"7":0,"8":0,"9":0,"10":0,"11":0,"12":0,"13":0},"b":{"0":[0],"1":[0,0],"2":[0],"3":[0],"4":[0,0],"5":[0,0],"6":[0,0],"7":[0,0],"8":[0,0],"9":[0,0],"10":[0,0],"11":[0,0],"12":[0,0]}}
,"C:\\Users\\admin\\Desktop\\lablink\\lablink-frontend\\src\\features\\admin\\pages\\AdminEquipmentPage.tsx": {"path":"C:\\Users\\admin\\Desktop\\lablink\\lablink-frontend\\src\\features\\admin\\pages\\AdminEquipmentPage.tsx","statementMap":{"0":{"start":{"line":89,"column":0},"end":{"line":89,"column":24}},"1":{"start":{"line":1,"column":0},"end":{"line":1,"column":57}},"2":{"start":{"line":2,"column":0},"end":{"line":2,"column":61}},"3":{"start":{"line":3,"column":0},"end":{"line":3,"column":56}},"4":{"start":{"line":4,"column":0},"end":{"line":4,"column":55}},"5":{"start":{"line":5,"column":0},"end":{"line":5,"column":120}},"6":{"start":{"line":6,"column":0},"end":{"line":6,"column":62}},"7":{"start":{"line":8,"column":0},"end":{"line":8,"column":36}},"8":{"start":{"line":22,"column":26},"end":{"line":29,"column":4}},"9":{"start":{"line":31,"column":14},"end":{"line":32,"column":49}},"10":{"start":{"line":31,"column":40},"end":{"line":32,"column":49}},"11":{"start":{"line":32,"column":4},"end":{"line":32,"column":49}},"12":{"start":{"line":32,"column":18},"end":{"line":32,"column":47}},"13":{"start":{"line":34,"column":23},"end":{"line":39,"column":3}},"14":{"start":{"line":35,"column":4},"end":{"line":35,"column":24}},"15":{"start":{"line":36,"column":4},"end":{"line":36,"column":71}},"16":{"start":{"line":36,"column":29},"end":{"line":36,"column":61}},"17":{"start":{"line":36,"column":62},"end":{"line":36,"column":69}},"18":{"start":{"line":37,"column":4},"end":{"line":37,"column":75}},"19":{"start":{"line":37,"column":29},"end":{"line":37,"column":65}},"20":{"start":{"line":37,"column":66},"end":{"line":37,"column":73}},"21":{"start":{"line":38,"column":4},"end":{"line":38,"column":64}},"22":{"start":{"line":41,"column":19},"end":{"line":41,"column":32}},"23":{"start":{"line":42,"column":2},"end":{"line":85,"column":4}},"24":{"start":{"line":53,"column":35},"end":{"line":53,"column":54}},"25":{"start":{"line":90,"column":38},"end":{"line":90,"column":63}},"26":{"start":{"line":91,"column":38},"end":{"line":91,"column":62}},"27":{"start":{"line":92,"column":38},"end":{"line":92,"column":52}},"28":{"start":{"line":93,"column":40},"end":{"line":93,"column":55}},"29":{"start":{"line":94,"column":38},"end":{"line":94,"column":53}},"30":{"start":{"line":95,"column":38},"end":{"line":95,"column":70}},"31":{"start":{"line":96,"column":42},"end":{"line":96,"column":74}},"32":{"start":{"line":97,"column":38},"end":{"line":97,"column":53}},"33":{"start":{"line":99,"column":19},"end":{"line":107,"column":8}},"34":{"start":{"line":100,"column":4},"end":{"line":100,"column":23}},"35":{"start":{"line":101,"column":4},"end":{"line":106,"column":36}},"36":{"start":{"line":102,"column":30},"end":{"line":102,"column":116}},"37":{"start":{"line":103,"column":6},"end":{"line":103,"column":91}},"38":{"start":{"line":103,"column":51},"end":{"line":103,"column":91}},"39":{"start":{"line":104,"column":6},"end":{"line":104,"column":94}},"40":{"start":{"line":104,"column":51},"end":{"line":104,"column":94}},"41":{"start":{"line":105,"column":20},"end":{"line":105,"column":54}},"42":{"start":{"line":106,"column":14},"end":{"line":106,"column":34}},"43":{"start":{"line":108,"column":2},"end":{"line":108,"column":47}},"44":{"start":{"line":108,"column":20},"end":{"line":108,"column":31}},"45":{"start":{"line":110,"column":23},"end":{"line":118,"column":3}},"46":{"start":{"line":111,"column":4},"end":{"line":111,"column":25}},"47":{"start":{"line":112,"column":4},"end":{"line":117,"column":38}},"48":{"start":{"line":113,"column":6},"end":{"line":113,"column":64}},"49":{"start":{"line":114,"column":6},"end":{"line":114,"column":53}},"50":{"start":{"line":115,"column":6},"end":{"line":115,"column":24}},"51":{"start":{"line":115,"column":25},"end":{"line":115,"column":36}},"52":{"start":{"line":116,"column":20},"end":{"line":116,"column":54}},"53":{"start":{"line":117,"column":14},"end":{"line":117,"column":36}},"54":{"start":{"line":120,"column":23},"end":{"line":129,"column":3}},"55":{"start":{"line":121,"column":4},"end":{"line":121,"column":28}},"56":{"start":{"line":121,"column":21},"end":{"line":121,"column":28}},"57":{"start":{"line":122,"column":4},"end":{"line":122,"column":25}},"58":{"start":{"line":123,"column":4},"end":{"line":128,"column":38}},"59":{"start":{"line":124,"column":6},"end":{"line":124,"column":79}},"60":{"start":{"line":125,"column":6},"end":{"line":125,"column":55}},"61":{"start":{"line":126,"column":6},"end":{"line":126,"column":26}},"62":{"start":{"line":126,"column":27},"end":{"line":126,"column":38}},"63":{"start":{"line":127,"column":20},"end":{"line":127,"column":54}},"64":{"start":{"line":128,"column":14},"end":{"line":128,"column":36}},"65":{"start":{"line":131,"column":23},"end":{"line":140,"column":3}},"66":{"start":{"line":132,"column":4},"end":{"line":132,"column":30}},"67":{"start":{"line":132,"column":23},"end":{"line":132,"column":30}},"68":{"start":{"line":133,"column":4},"end":{"line":133,"column":22}},"69":{"start":{"line":134,"column":4},"end":{"line":139,"column":35}},"70":{"start":{"line":135,"column":6},"end":{"line":135,"column":49}},"71":{"start":{"line":136,"column":6},"end":{"line":136,"column":55}},"72":{"start":{"line":137,"column":6},"end":{"line":137,"column":28}},"73":{"start":{"line":137,"column":29},"end":{"line":137,"column":40}},"74":{"start":{"line":138,"column":20},"end":{"line":138,"column":54}},"75":{"start":{"line":139,"column":14},"end":{"line":139,"column":33}},"76":{"start":{"line":142,"column":2},"end":{"line":225,"column":4}},"77":{"start":{"line":148,"column":33},"end":{"line":148,"column":49}},"78":{"start":{"line":156,"column":41},"end":{"line":156,"column":57}},"79":{"start":{"line":163,"column":18},"end":{"line":163,"column":30}},"80":{"start":{"line":169,"column":16},"end":{"line":169,"column":34}},"81":{"start":{"line":186,"column":45},"end":{"line":186,"column":64}},"82":{"start":{"line":190,"column":45},"end":{"line":190,"column":66}},"83":{"start":{"line":204,"column":43},"end":{"line":204,"column":60}},"84":{"start":{"line":209,"column":48},"end":{"line":209,"column":67}},"85":{"start":{"line":216,"column":23},"end":{"line":216,"column":44}}},"fnMap":{"0":{"name":"EquipmentForm","decl":{"start":{"line":11,"column":9},"end":{"line":11,"column":22}},"loc":{"start":{"line":21,"column":1},"end":{"line":86,"column":1}}},"1":{"name":"(anonymous_1)","decl":{"start":{"line":31,"column":14},"end":{"line":31,"column":15}},"loc":{"start":{"line":31,"column":40},"end":{"line":32,"column":49}}},"2":{"name":"(anonymous_2)","decl":{"start":{"line":31,"column":40},"end":{"line":31,"column":41}},"loc":{"start":{"line":32,"column":4},"end":{"line":32,"column":49}}},"3":{"name":"(anonymous_3)","decl":{"start":{"line":32,"column":12},"end":{"line":32,"column":13}},"loc":{"start":{"line":32,"column":18},"end":{"line":32,"column":47}}},"4":{"name":"(anonymous_4)","decl":{"start":{"line":34,"column":23},"end":{"line":34,"column":24}},"loc":{"start":{"line":34,"column":47},"end":{"line":39,"column":3}}},"5":{"name":"(anonymous_5)","decl":{"start":{"line":53,"column":28},"end":{"line":53,"column":29}},"loc":{"start":{"line":53,"column":35},"end":{"line":53,"column":54}}},"6":{"name":"AdminEquipmentPage","decl":{"start":{"line":89,"column":24},"end":{"line":89,"column":42}},"loc":{"start":{"line":89,"column":42},"end":{"line":226,"column":1}}},"7":{"name":"(anonymous_7)","decl":{"start":{"line":99,"column":31},"end":{"line":99,"column":36}},"loc":{"start":{"line":99,"column":42},"end":{"line":107,"column":3}}},"8":{"name":"(anonymous_8)","decl":{"start":{"line":108,"column":12},"end":{"line":108,"column":15}},"loc":{"start":{"line":108,"column":17},"end":{"line":108,"column":33}}},"9":{"name":"(anonymous_9)","decl":{"start":{"line":110,"column":23},"end":{"line":110,"column":28}},"loc":{"start":{"line":110,"column":87},"end":{"line":118,"column":3}}},"10":{"name":"(anonymous_10)","decl":{"start":{"line":120,"column":23},"end":{"line":120,"column":28}},"loc":{"start":{"line":120,"column":87},"end":{"line":129,"column":3}}},"11":{"name":"(anonymous_11)","decl":{"start":{"line":131,"column":23},"end":{"line":131,"column":28}},"loc":{"start":{"line":131,"column":34},"end":{"line":140,"column":3}}},"12":{"name":"(anonymous_12)","decl":{"start":{"line":148,"column":27},"end":{"line":148,"column":30}},"loc":{"start":{"line":148,"column":33},"end":{"line":148,"column":49}}},"13":{"name":"(anonymous_13)","decl":{"start":{"line":156,"column":35},"end":{"line":156,"column":38}},"loc":{"start":{"line":156,"column":41},"end":{"line":156,"column":57}}},"14":{"name":"(anonymous_14)","decl":{"start":{"line":162,"column":82},"end":{"line":162,"column":83}},"loc":{"start":{"line":163,"column":18},"end":{"line":163,"column":30}}},"15":{"name":"(anonymous_15)","decl":{"start":{"line":168,"column":29},"end":{"line":168,"column":30}},"loc":{"start":{"line":169,"column":16},"end":{"line":169,"column":34}}},"16":{"name":"(anonymous_16)","decl":{"start":{"line":186,"column":39},"end":{"line":186,"column":42}},"loc":{"start":{"line":186,"column":45},"end":{"line":186,"column":64}}},"17":{"name":"(anonymous_17)","decl":{"start":{"line":190,"column":39},"end":{"line":190,"column":42}},"loc":{"start":{"line":190,"column":45},"end":{"line":190,"column":66}}},"18":{"name":"(anonymous_18)","decl":{"start":{"line":204,"column":37},"end":{"line":204,"column":40}},"loc":{"start":{"line":204,"column":43},"end":{"line":204,"column":60}}},"19":{"name":"(anonymous_19)","decl":{"start":{"line":209,"column":42},"end":{"line":209,"column":45}},"loc":{"start":{"line":209,"column":48},"end":{"line":209,"column":67}}},"20":{"name":"(anonymous_20)","decl":{"start":{"line":216,"column":17},"end":{"line":216,"column":20}},"loc":{"start":{"line":216,"column":23},"end":{"line":216,"column":44}}}},"branchMap":{"0":{"loc":{"start":{"line":23,"column":18},"end":{"line":23,"column":37}},"type":"binary-expr","locations":[{"start":{"line":23,"column":18},"end":{"line":23,"column":31}},{"start":{"line":23,"column":35},"end":{"line":23,"column":37}}]},"1":{"loc":{"start":{"line":24,"column":18},"end":{"line":24,"column":44}},"type":"binary-expr","locations":[{"start":{"line":24,"column":18},"end":{"line":24,"column":38}},{"start":{"line":24,"column":42},"end":{"line":24,"column":44}}]},"2":{"loc":{"start":{"line":25,"column":18},"end":{"line":25,"column":45}},"type":"binary-expr","locations":[{"start":{"line":25,"column":18},"end":{"line":25,"column":39}},{"start":{"line":25,"column":43},"end":{"line":25,"column":45}}]},"3":{"loc":{"start":{"line":26,"column":18},"end":{"line":26,"column":44}},"type":"binary-expr","locations":[{"start":{"line":26,"column":18},"end":{"line":26,"column":38}},{"start":{"line":26,"column":42},"end":{"line":26,"column":44}}]},"4":{"loc":{"start":{"line":27,"column":18},"end":{"line":27,"column":41}},"type":"binary-expr","locations":[{"start":{"line":27,"column":18},"end":{"line":27,"column":35}},{"start":{"line":27,"column":39},"end":{"line":27,"column":41}}]},"5":{"loc":{"start":{"line":28,"column":18},"end":{"line":28,"column":48}},"type":"binary-expr","locations":[{"start":{"line":28,"column":18},"end":{"line":28,"column":33}},{"start":{"line":28,"column":37},"end":{"line":28,"column":48}}]},"6":{"loc":{"start":{"line":36,"column":4},"end":{"line":36,"column":71}},"type":"if","locations":[{"start":{"line":36,"column":4},"end":{"line":36,"column":71}}]},"7":{"loc":{"start":{"line":37,"column":4},"end":{"line":37,"column":75}},"type":"if","locations":[{"start":{"line":37,"column":4},"end":{"line":37,"column":75}}]},"8":{"loc":{"start":{"line":38,"column":34},"end":{"line":38,"column":60}},"type":"binary-expr","locations":[{"start":{"line":38,"column":34},"end":{"line":38,"column":47}},{"start":{"line":38,"column":51},"end":{"line":38,"column":60}}]},"9":{"loc":{"start":{"line":60,"column":9},"end":{"line":68,"column":null}},"type":"binary-expr","locations":[{"start":{"line":60,"column":9},"end":{"line":60,"column":16}},{"start":{"line":61,"column":10},"end":{"line":67,"column":null}}]},"10":{"loc":{"start":{"line":70,"column":24},"end":{"line":70,"column":51}},"type":"cond-expr","locations":[{"start":{"line":70,"column":34},"end":{"line":70,"column":36}},{"start":{"line":70,"column":39},"end":{"line":70,"column":51}}]},"11":{"loc":{"start":{"line":81,"column":11},"end":{"line":81,"column":110}},"type":"cond-expr","locations":[{"start":{"line":81,"column":23},"end":{"line":81,"column":59}},{"start":{"line":81,"column":63},"end":{"line":81,"column":109}}]},"12":{"loc":{"start":{"line":81,"column":63},"end":{"line":81,"column":109}},"type":"cond-expr","locations":[{"start":{"line":81,"column":73},"end":{"line":81,"column":91}},{"start":{"line":81,"column":94},"end":{"line":81,"column":109}}]},"13":{"loc":{"start":{"line":103,"column":6},"end":{"line":103,"column":91}},"type":"if","locations":[{"start":{"line":103,"column":6},"end":{"line":103,"column":91}}]},"14":{"loc":{"start":{"line":103,"column":10},"end":{"line":103,"column":47}},"type":"binary-expr","locations":[{"start":{"line":103,"column":10},"end":{"line":103,"column":28}},{"start":{"line":103,"column":32},"end":{"line":103,"column":47}}]},"15":{"loc":{"start":{"line":104,"column":6},"end":{"line":104,"column":94}},"type":"if","locations":[{"start":{"line":104,"column":6},"end":{"line":104,"column":94}}]},"16":{"loc":{"start":{"line":104,"column":10},"end":{"line":104,"column":49}},"type":"binary-expr","locations":[{"start":{"line":104,"column":10},"end":{"line":104,"column":29}},{"start":{"line":104,"column":33},"end":{"line":104,"column":49}}]},"17":{"loc":{"start":{"line":121,"column":4},"end":{"line":121,"column":28}},"type":"if","locations":[{"start":{"line":121,"column":4},"end":{"line":121,"column":28}}]},"18":{"loc":{"start":{"line":132,"column":4},"end":{"line":132,"column":30}},"type":"if","locations":[{"start":{"line":132,"column":4},"end":{"line":132,"column":30}}]},"19":{"loc":{"start":{"line":154,"column":7},"end":{"line":200,"column":null}},"type":"cond-expr","locations":[{"start":{"line":154,"column":19},"end":{"line":154,"column":38}},{"start":{"line":154,"column":41},"end":{"line":200,"column":null}}]},"20":{"loc":{"start":{"line":154,"column":41},"end":{"line":200,"column":null}},"type":"cond-expr","locations":[{"start":{"line":155,"column":8},"end":{"line":156,"column":118}},{"start":{"line":158,"column":8},"end":{"line":199,"column":null}}]},"21":{"loc":{"start":{"line":173,"column":25},"end":{"line":173,"column":171}},"type":"cond-expr","locations":[{"start":{"line":173,"column":41},"end":{"line":173,"column":120}},{"start":{"line":173,"column":123},"end":{"line":173,"column":171}}]},"22":{"loc":{"start":{"line":177,"column":25},"end":{"line":177,"column":132}},"type":"binary-expr","locations":[{"start":{"line":177,"column":25},"end":{"line":177,"column":41}},{"start":{"line":177,"column":45},"end":{"line":177,"column":132}}]},"23":{"loc":{"start":{"line":182,"column":78},"end":{"line":182,"column":102}},"type":"binary-expr","locations":[{"start":{"line":182,"column":78},"end":{"line":182,"column":95}},{"start":{"line":182,"column":99},"end":{"line":182,"column":102}}]},"24":{"loc":{"start":{"line":210,"column":9},"end":{"line":210,"column":133}},"type":"binary-expr","locations":[{"start":{"line":210,"column":9},"end":{"line":210,"column":19}},{"start":{"line":210,"column":23},"end":{"line":210,"column":133}}]}},"s":{"0":0,"1":0,"2":0,"3":0,"4":0,"5":0,"6":0,"7":0,"8":0,"9":0,"10":0,"11":0,"12":0,"13":0,"14":0,"15":0,"16":0,"17":0,"18":0,"19":0,"20":0,"21":0,"22":0,"23":0,"24":0,"25":0,"26":0,"27":0,"28":0,"29":0,"30":0,"31":0,"32":0,"33":0,"34":0,"35":0,"36":0,"37":0,"38":0,"39":0,"40":0,"41":0,"42":0,"43":0,"44":0,"45":0,"46":0,"47":0,"48":0,"49":0,"50":0,"51":0,"52":0,"53":0,"54":0,"55":0,"56":0,"57":0,"58":0,"59":0,"60":0,"61":0,"62":0,"63":0,"64":0,"65":0,"66":0,"67":0,"68":0,"69":0,"70":0,"71":0,"72":0,"73":0,"74":0,"75":0,"76":0,"77":0,"78":0,"79":0,"80":0,"81":0,"82":0,"83":0,"84":0,"85":0},"f":{"0":0,"1":0,"2":0,"3":0,"4":0,"5":0,"6":0,"7":0,"8":0,"9":0,"10":0,"11":0,"12":0,"13":0,"14":0,"15":0,"16":0,"17":0,"18":0,"19":0,"20":0},"b":{"0":[0,0],"1":[0,0],"2":[0,0],"3":[0,0],"4":[0,0],"5":[0,0],"6":[0],"7":[0],"8":[0,0],"9":[0,0],"10":[0,0],"11":[0,0],"12":[0,0],"13":[0],"14":[0,0],"15":[0],"16":[0,0],"17":[0],"18":[0],"19":[0,0],"20":[0,0],"21":[0,0],"22":[0,0],"23":[0,0],"24":[0,0]}}
,"C:\\Users\\admin\\Desktop\\lablink\\lablink-frontend\\src\\features\\auth\\api.ts": {"path":"C:\\Users\\admin\\Desktop\\lablink\\lablink-frontend\\src\\features\\auth\\api.ts","statementMap":{"0":{"start":{"line":1,"column":0},"end":{"line":1,"column":49}},"1":{"start":{"line":6,"column":13},"end":{"line":18,"column":2}},"2":{"start":{"line":8,"column":4},"end":{"line":8,"column":69}},"3":{"start":{"line":11,"column":4},"end":{"line":11,"column":75}},"4":{"start":{"line":14,"column":4},"end":{"line":14,"column":66}},"5":{"start":{"line":17,"column":4},"end":{"line":17,"column":68}}},"fnMap":{"0":{"name":"(anonymous_0)","decl":{"start":{"line":7,"column":12},"end":{"line":7,"column":13}},"loc":{"start":{"line":8,"column":4},"end":{"line":8,"column":69}}},"1":{"name":"(anonymous_1)","decl":{"start":{"line":10,"column":17},"end":{"line":10,"column":18}},"loc":{"start":{"line":11,"column":4},"end":{"line":11,"column":75}}},"2":{"name":"(anonymous_2)","decl":{"start":{"line":13,"column":9},"end":{"line":13,"column":10}},"loc":{"start":{"line":14,"column":4},"end":{"line":14,"column":66}}},"3":{"name":"(anonymous_3)","decl":{"start":{"line":16,"column":10},"end":{"line":16,"column":13}},"loc":{"start":{"line":17,"column":4},"end":{"line":17,"column":68}}}},"branchMap":{},"s":{"0":0,"1":0,"2":0,"3":0,"4":0,"5":0},"f":{"0":0,"1":0,"2":0,"3":0},"b":{}}
,"C:\\Users\\admin\\Desktop\\lablink\\lablink-frontend\\src\\features\\auth\\hooks\\useAuth.ts": {"path":"C:\\Users\\admin\\Desktop\\lablink\\lablink-frontend\\src\\features\\auth\\hooks\\useAuth.ts","statementMap":{"0":{"start":{"line":10,"column":0},"end":{"line":10,"column":16}},"1":{"start":{"line":1,"column":0},"end":{"line":1,"column":46}},"2":{"start":{"line":2,"column":0},"end":{"line":2,"column":47}},"3":{"start":{"line":3,"column":0},"end":{"line":3,"column":36}},"4":{"start":{"line":4,"column":0},"end":{"line":4,"column":63}},"5":{"start":{"line":5,"column":0},"end":{"line":5,"column":46}},"6":{"start":{"line":6,"column":0},"end":{"line":6,"column":75}},"7":{"start":{"line":11,"column":56},"end":{"line":11,"column":70}},"8":{"start":{"line":12,"column":19},"end":{"line":12,"column":32}},"9":{"start":{"line":13,"column":36},"end":{"line":13,"column":51}},"10":{"start":{"line":19,"column":19},"end":{"line":44,"column":25}},"11":{"start":{"line":22,"column":4},"end":{"line":22,"column":23}},"12":{"start":{"line":23,"column":4},"end":{"line":43,"column":5}},"13":{"start":{"line":24,"column":18},"end":{"line":24,"column":46}},"14":{"start":{"line":25,"column":6},"end":{"line":31,"column":7}},"15":{"start":{"line":26,"column":46},"end":{"line":26,"column":59}},"16":{"start":{"line":27,"column":8},"end":{"line":27,"column":43}},"17":{"start":{"line":28,"column":8},"end":{"line":28,"column":62}},"18":{"start":{"line":29,"column":8},"end":{"line":29,"column":64}},"19":{"start":{"line":30,"column":8},"end":{"line":30,"column":25}},"20":{"start":{"line":33,"column":26},"end":{"line":33,"column":49}},"21":{"start":{"line":34,"column":6},"end":{"line":38,"column":7}},"22":{"start":{"line":36,"column":8},"end":{"line":36,"column":58}},"23":{"start":{"line":37,"column":8},"end":{"line":37,"column":27}},"24":{"start":{"line":39,"column":6},"end":{"line":39,"column":40}},"25":{"start":{"line":40,"column":6},"end":{"line":40,"column":18}},"26":{"start":{"line":42,"column":6},"end":{"line":42,"column":26}},"27":{"start":{"line":50,"column":16},"end":{"line":69,"column":25}},"28":{"start":{"line":53,"column":4},"end":{"line":53,"column":23}},"29":{"start":{"line":54,"column":4},"end":{"line":68,"column":5}},"30":{"start":{"line":55,"column":18},"end":{"line":55,"column":43}},"31":{"start":{"line":56,"column":6},"end":{"line":62,"column":7}},"32":{"start":{"line":57,"column":46},"end":{"line":57,"column":59}},"33":{"start":{"line":58,"column":8},"end":{"line":58,"column":43}},"34":{"start":{"line":59,"column":8},"end":{"line":59,"column":67}},"35":{"start":{"line":60,"column":8},"end":{"line":60,"column":64}},"36":{"start":{"line":61,"column":8},"end":{"line":61,"column":25}},"37":{"start":{"line":64,"column":22},"end":{"line":64,"column":42}},"38":{"start":{"line":65,"column":6},"end":{"line":65,"column":21}},"39":{"start":{"line":67,"column":6},"end":{"line":67,"column":26}},"40":{"start":{"line":71,"column":17},"end":{"line":81,"column":27}},"41":{"start":{"line":72,"column":4},"end":{"line":80,"column":5}},"42":{"start":{"line":73,"column":6},"end":{"line":73,"column":29}},"43":{"start":{"line":77,"column":6},"end":{"line":77,"column":18}},"44":{"start":{"line":78,"column":6},"end":{"line":78,"column":44}},"45":{"start":{"line":79,"column":6},"end":{"line":79,"column":48}},"46":{"start":{"line":83,"column":2},"end":{"line":83,"column":71}}},"fnMap":{"0":{"name":"useAuth","decl":{"start":{"line":10,"column":16},"end":{"line":10,"column":23}},"loc":{"start":{"line":10,"column":23},"end":{"line":84,"column":1}}},"1":{"name":"(anonymous_1)","decl":{"start":{"line":19,"column":31},"end":{"line":19,"column":36}},"loc":{"start":{"line":21,"column":58},"end":{"line":44,"column":3}}},"2":{"name":"(anonymous_2)","decl":{"start":{"line":50,"column":28},"end":{"line":50,"column":33}},"loc":{"start":{"line":52,"column":35},"end":{"line":69,"column":3}}},"3":{"name":"(anonymous_3)","decl":{"start":{"line":71,"column":29},"end":{"line":71,"column":34}},"loc":{"start":{"line":71,"column":40},"end":{"line":81,"column":3}}}},"branchMap":{"0":{"loc":{"start":{"line":25,"column":6},"end":{"line":31,"column":7}},"type":"if","locations":[{"start":{"line":25,"column":6},"end":{"line":31,"column":7}}]},"1":{"loc":{"start":{"line":25,"column":10},"end":{"line":25,"column":43}},"type":"binary-expr","locations":[{"start":{"line":25,"column":10},"end":{"line":25,"column":26}},{"start":{"line":25,"column":30},"end":{"line":25,"column":43}}]},"2":{"loc":{"start":{"line":29,"column":17},"end":{"line":29,"column":62}},"type":"cond-expr","locations":[{"start":{"line":29,"column":41},"end":{"line":29,"column":49}},{"start":{"line":29,"column":52},"end":{"line":29,"column":62}}]},"3":{"loc":{"start":{"line":34,"column":6},"end":{"line":38,"column":7}},"type":"if","locations":[{"start":{"line":34,"column":6},"end":{"line":38,"column":7}}]},"4":{"loc":{"start":{"line":56,"column":6},"end":{"line":62,"column":7}},"type":"if","locations":[{"start":{"line":56,"column":6},"end":{"line":62,"column":7}}]},"5":{"loc":{"start":{"line":56,"column":10},"end":{"line":56,"column":43}},"type":"binary-expr","locations":[{"start":{"line":56,"column":10},"end":{"line":56,"column":26}},{"start":{"line":56,"column":30},"end":{"line":56,"column":43}}]},"6":{"loc":{"start":{"line":60,"column":17},"end":{"line":60,"column":62}},"type":"cond-expr","locations":[{"start":{"line":60,"column":41},"end":{"line":60,"column":49}},{"start":{"line":60,"column":52},"end":{"line":60,"column":62}}]}},"s":{"0":0,"1":0,"2":0,"3":0,"4":0,"5":0,"6":0,"7":0,"8":0,"9":0,"10":0,"11":0,"12":0,"13":0,"14":0,"15":0,"16":0,"17":0,"18":0,"19":0,"20":0,"21":0,"22":0,"23":0,"24":0,"25":0,"26":0,"27":0,"28":0,"29":0,"30":0,"31":0,"32":0,"33":0,"34":0,"35":0,"36":0,"37":0,"38":0,"39":0,"40":0,"41":0,"42":0,"43":0,"44":0,"45":0,"46":0},"f":{"0":0,"1":0,"2":0,"3":0},"b":{"0":[0],"1":[0,0],"2":[0,0],"3":[0],"4":[0],"5":[0,0],"6":[0,0]}}
[...]
},"end":{"line":435,"column":49}}},"fnMap":{"0":{"name":"SettingsPage","decl":{"start":{"line":13,"column":24},"end":{"line":13,"column":36}},"loc":{"start":{"line":13,"column":36},"end":{"line":71,"column":1}}},"1":{"name":"(anonymous_1)","decl":{"start":{"line":19,"column":12},"end":{"line":19,"column":15}},"loc":{"start":{"line":19,"column":17},"end":{"line":24,"column":3}}},"2":{"name":"(anonymous_2)","decl":{"start":{"line":21,"column":12},"end":{"line":21,"column":13}},"loc":{"start":{"line":21,"column":20},"end":{"line":21,"column":90}}},"3":{"name":"(anonymous_3)","decl":{"start":{"line":22,"column":13},"end":{"line":22,"column":14}},"loc":{"start":{"line":22,"column":22},"end":{"line":22,"column":55}}},"4":{"name":"(anonymous_4)","decl":{"start":{"line":23,"column":15},"end":{"line":23,"column":18}},"loc":{"start":{"line":23,"column":21},"end":{"line":23,"column":45}}},"5":{"name":"(anonymous_5)","decl":{"start":{"line":39,"column":20},"end":{"line":39,"column":21}},"loc":{"start":{"line":40,"column":12},"end":{"line":41,"column":null}}},"6":{"name":"(anonymous_6)","decl":{"start":{"line":42,"column":23},"end":{"line":42,"column":26}},"loc":{"start":{"line":42,"column":29},"end":{"line":42,"column":45}}},"7":{"name":"EditProfileTab","decl":{"start":{"line":76,"column":9},"end":{"line":76,"column":23}},"loc":{"start":{"line":82,"column":1},"end":{"line":184,"column":1}}},"8":{"name":"(anonymous_8)","decl":{"start":{"line":89,"column":19},"end":{"line":89,"column":22}},"loc":{"start":{"line":89,"column":24},"end":{"line":96,"column":3}}},"9":{"name":"(anonymous_9)","decl":{"start":{"line":98,"column":21},"end":{"line":98,"column":26}},"loc":{"start":{"line":98,"column":32},"end":{"line":122,"column":3}}},"10":{"name":"(anonymous_10)","decl":{"start":{"line":139,"column":20},"end":{"line":139,"column":21}},"loc":{"start":{"line":139,"column":26},"end":{"line":139,"column":108}}},"11":{"name":"(anonymous_11)","decl":{"start":{"line":139,"column":68},"end":{"line":139,"column":69}},"loc":{"start":{"line":139,"column":74},"end":{"line":139,"column":103}}},"12":{"name":"(anonymous_12)","decl":{"start":{"line":168,"column":20},"end":{"line":168,"column":21}},"loc":{"start":{"line":168,"column":26},"end":{"line":168,"column":108}}},"13":{"name":"(anonymous_13)","decl":{"start":{"line":168,"column":68},"end":{"line":168,"column":69}},"loc":{"start":{"line":168,"column":74},"end":{"line":168,"column":103}}},"14":{"name":"ChangePasswordTab","decl":{"start":{"line":189,"column":9},"end":{"line":189,"column":26}},"loc":{"start":{"line":189,"column":26},"end":{"line":296,"column":1}}},"15":{"name":"(anonymous_15)","decl":{"start":{"line":196,"column":14},"end":{"line":196,"column":15}},"loc":{"start":{"line":196,"column":42},"end":{"line":200,"column":3}}},"16":{"name":"(anonymous_16)","decl":{"start":{"line":196,"column":42},"end":{"line":196,"column":43}},"loc":{"start":{"line":196,"column":85},"end":{"line":200,"column":3}}},"17":{"name":"(anonymous_17)","decl":{"start":{"line":197,"column":12},"end":{"line":197,"column":13}},"loc":{"start":{"line":197,"column":18},"end":{"line":197,"column":49}}},"18":{"name":"(anonymous_18)","decl":{"start":{"line":198,"column":14},"end":{"line":198,"column":15}},"loc":{"start":{"line":198,"column":20},"end":{"line":198,"column":46}}},"19":{"name":"(anonymous_19)","decl":{"start":{"line":202,"column":19},"end":{"line":202,"column":22}},"loc":{"start":{"line":202,"column":24},"end":{"line":211,"column":3}}},"20":{"name":"(anonymous_20)","decl":{"start":{"line":213,"column":21},"end":{"line":213,"column":26}},"loc":{"start":{"line":213,"column":32},"end":{"line":232,"column":3}}},"21":{"name":"(anonymous_21)","decl":{"start":{"line":259,"column":18},"end":{"line":259,"column":19}},"loc":{"start":{"line":260,"column":8},"end":{"line":260,"column":null}}},"22":{"name":"(anonymous_22)","decl":{"start":{"line":276,"column":23},"end":{"line":276,"column":26}},"loc":{"start":{"line":276,"column":29},"end":{"line":276,"column":77}}},"23":{"name":"(anonymous_23)","decl":{"start":{"line":276,"column":37},"end":{"line":276,"column":38}},"loc":{"start":{"line":276,"column":43},"end":{"line":276,"column":75}}},"24":{"name":"PhotoTab","decl":{"start":{"line":301,"column":9},"end":{"line":301,"column":17}},"loc":{"start":{"line":307,"column":1},"end":{"line":467,"column":1}}},"25":{"name":"(anonymous_25)","decl":{"start":{"line":317,"column":12},"end":{"line":317,"column":15}},"loc":{"start":{"line":317,"column":17},"end":{"line":329,"column":3}}},"26":{"name":"(anonymous_26)","decl":{"start":{"line":325,"column":14},"end":{"line":325,"column":15}},"loc":{"start":{"line":325,"column":19},"end":{"line":325,"column":27}}},"27":{"name":"(anonymous_27)","decl":{"start":{"line":326,"column":14},"end":{"line":326,"column":15}},"loc":{"start":{"line":326,"column":19},"end":{"line":326,"column":54}}},"28":{"name":"(anonymous_28)","decl":{"start":{"line":327,"column":15},"end":{"line":327,"column":18}},"loc":{"start":{"line":327,"column":21},"end":{"line":327,"column":38}}},"29":{"name":"(anonymous_29)","decl":{"start":{"line":331,"column":21},"end":{"line":331,"column":22}},"loc":{"start":{"line":331,"column":64},"end":{"line":347,"column":3}}},"30":{"name":"(anonymous_30)","decl":{"start":{"line":349,"column":23},"end":{"line":349,"column":28}},"loc":{"start":{"line":349,"column":34},"end":{"line":366,"column":3}}},"31":{"name":"(anonymous_31)","decl":{"start":{"line":368,"column":24},"end":{"line":368,"column":27}},"loc":{"start":{"line":368,"column":29},"end":{"line":373,"column":3}}},"32":{"name":"(anonymous_32)","decl":{"start":{"line":398,"column":21},"end":{"line":398,"column":24}},"loc":{"start":{"line":398,"column":27},"end":{"line":398,"column":51}}},"33":{"name":"(anonymous_33)","decl":{"start":{"line":435,"column":19},"end":{"line":435,"column":22}},"loc":{"start":{"line":435,"column":25},"end":{"line":435,"column":49}}}},"branchMap":{"0":{"loc":{"start":{"line":21,"column":23},"end":{"line":21,"column":88}},"type":"if","locations":[{"start":{"line":21,"column":23},"end":{"line":21,"column":88}}]},"1":{"loc":{"start":{"line":21,"column":27},"end":{"line":21,"column":60}},"type":"binary-expr","locations":[{"start":{"line":21,"column":27},"end":{"line":21,"column":43}},{"start":{"line":21,"column":47},"end":{"line":21,"column":60}}]},"2":{"loc":{"start":{"line":45,"column":28},"end":{"line":47,"column":null}},"type":"cond-expr","locations":[{"start":{"line":46,"column":30},"end":{"line":46,"column":67}},{"start":{"line":47,"column":30},"end":{"line":47,"column":null}}]},"3":{"loc":{"start":{"line":58,"column":11},"end":{"line":65,"column":null}},"type":"cond-expr","locations":[{"start":{"line":59,"column":12},"end":{"line":59,"column":82}},{"start":{"line":61,"column":12},"end":{"line":64,"column":null}}]},"4":{"loc":{"start":{"line":62,"column":15},"end":{"line":62,"column":102}},"type":"binary-expr","locations":[{"start":{"line":62,"column":15},"end":{"line":62,"column":38}},{"start":{"line":62,"column":43},"end":{"line":62,"column":102}}]},"5":{"loc":{"start":{"line":63,"column":15},"end":{"line":63,"column":64}},"type":"binary-expr","locations":[{"start":{"line":63,"column":15},"end":{"line":63,"column":39}},{"start":{"line":63,"column":43},"end":{"line":63,"column":64}}]},"6":{"loc":{"start":{"line":64,"column":15},"end":{"line":64,"column":95}},"type":"binary-expr","locations":[{"start":{"line":64,"column":15},"end":{"line":64,"column":36}},{"start":{"line":64,"column":43},"end":{"line":64,"column":95}}]},"7":{"loc":{"start":{"line":84,"column":43},"end":{"line":84,"column":66}},"type":"binary-expr","locations":[{"start":{"line":84,"column":43},"end":{"line":84,"column":60}},{"start":{"line":84,"column":64},"end":{"line":84,"column":66}}]},"8":{"loc":{"start":{"line":85,"column":43},"end":{"line":85,"column":66}},"type":"binary-expr","locations":[{"start":{"line":85,"column":43},"end":{"line":85,"column":60}},{"start":{"line":85,"column":64},"end":{"line":85,"column":66}}]},"9":{"loc":{"start":{"line":91,"column":4},"end":{"line":91,"column":63}},"type":"if","locations":[{"start":{"line":91,"column":4},"end":{"line":91,"column":63}}]},"10":{"loc":{"start":{"line":92,"column":4},"end":{"line":93,"column":60}},"type":"if","locations":[{"start":{"line":92,"column":4},"end":{"line":93,"column":60}}]},"11":{"loc":{"start":{"line":92,"column":8},"end":{"line":92,"column":64}},"type":"binary-expr","locations":[{"start":{"line":92,"column":8},"end":{"line":92,"column":16}},{"start":{"line":92,"column":20},"end":{"line":92,"column":64}}]},"12":{"loc":{"start":{"line":99,"column":4},"end":{"line":99,"column":28}},"type":"if","locations":[{"start":{"line":99,"column":4},"end":{"line":99,"column":28}}]},"13":{"loc":{"start":{"line":104,"column":18},"end":{"line":104,"column":46}},"type":"binary-expr","locations":[{"start":{"line":104,"column":18},"end":{"line":104,"column":33}},{"start":{"line":104,"column":37},"end":{"line":104,"column":46}}]},"14":{"loc":{"start":{"line":106,"column":6},"end":{"line":116,"column":7}},"type":"if","locations":[{"start":{"line":106,"column":6},"end":{"line":116,"column":7}}]},"15":{"loc":{"start":{"line":106,"column":10},"end":{"line":106,"column":43}},"type":"binary-expr","locations":[{"start":{"line":106,"column":10},"end":{"line":106,"column":26}},{"start":{"line":106,"column":30},"end":{"line":106,"column":43}}]},"16":{"loc":{"start":{"line":110,"column":8},"end":{"line":114,"column":9}},"type":"if","locations":[{"start":{"line":110,"column":8},"end":{"line":114,"column":9}}]},"17":{"loc":{"start":{"line":111,"column":24},"end":{"line":111,"column":69}},"type":"binary-expr","locations":[{"start":{"line":111,"column":24},"end":{"line":111,"column":63}},{"start":{"line":111,"column":67},"end":{"line":111,"column":69}}]},"18":{"loc":{"start":{"line":112,"column":26},"end":{"line":112,"column":72}},"type":"binary-expr","locations":[{"start":{"line":112,"column":26},"end":{"line":112,"column":66}},{"start":{"line":112,"column":70},"end":{"line":112,"column":72}}]},"19":{"loc":{"start":{"line":141,"column":36},"end":{"line":141,"column":78}},"type":"cond-expr","locations":[{"start":{"line":141,"column":54},"end":{"line":141,"column":73}},{"start":{"line":141,"column":76},"end":{"line":141,"column":78}}]},"20":{"loc":{"start":{"line":143,"column":9},"end":{"line":143,"column":95}},"type":"binary-expr","locations":[{"start":{"line":143,"column":9},"end":{"line":143,"column":24}},{"start":{"line":143,"column":28},"end":{"line":143,"column":95}}]},"21":{"loc":{"start":{"line":153,"column":17},"end":{"line":153,"column":37}},"type":"binary-expr","locations":[{"start":{"line":153,"column":17},"end":{"line":153,"column":31}},{"start":{"line":153,"column":35},"end":{"line":153,"column":37}}]},"22":{"loc":{"start":{"line":170,"column":36},"end":{"line":170,"column":78}},"type":"cond-expr","locations":[{"start":{"line":170,"column":54},"end":{"line":170,"column":73}},{"start":{"line":170,"column":76},"end":{"line":170,"column":78}}]},"23":{"loc":{"start":{"line":172,"column":9},"end":{"line":172,"column":95}},"type":"binary-expr","locations":[{"start":{"line":172,"column":9},"end":{"line":172,"column":24}},{"start":{"line":172,"column":28},"end":{"line":172,"column":95}}]},"24":{"loc":{"start":{"line":180,"column":9},"end":{"line":180,"column":93}},"type":"cond-expr","locations":[{"start":{"line":180,"column":18},"end":{"line":180,"column":54}},{"start":{"line":180,"column":57},"end":{"line":180,"column":93}}]},"25":{"loc":{"start":{"line":204,"column":4},"end":{"line":204,"column":82}},"type":"if","locations":[{"start":{"line":204,"column":4},"end":{"line":204,"column":82}}]},"26":{"loc":{"start":{"line":205,"column":4},"end":{"line":206,"column":81}},"type":"if","locations":[{"start":{"line":205,"column":4},"end":{"line":206,"column":81}},{"start":{"line":206,"column":9},"end":{"line":206,"column":81}}]},"27":{"loc":{"start":{"line":206,"column":9},"end":{"line":206,"column":81}},"type":"if","locations":[{"start":{"line":206,"column":9},"end":{"line":206,"column":81}}]},"28":{"loc":{"start":{"line":207,"column":4},"end":{"line":208,"column":101}},"type":"if","locations":[{"start":{"line":207,"column":4},"end":{"line":208,"column":101}},{"start":{"line":208,"column":9},"end":{"line":208,"column":101}}]},"29":{"loc":{"start":{"line":208,"column":9},"end":{"line":208,"column":101}},"type":"if","locations":[{"start":{"line":208,"column":9},"end":{"line":208,"column":101}}]},"30":{"loc":{"start":{"line":214,"column":4},"end":{"line":214,"column":28}},"type":"if","locations":[{"start":{"line":214,"column":4},"end":{"line":214,"column":28}}]},"31":{"loc":{"start":{"line":224,"column":6},"end":{"line":228,"column":7}},"type":"if","locations":[{"start":{"line":224,"column":6},"end":{"line":228,"column":7}},{"start":{"line":226,"column":13},"end":{"line":228,"column":7}}]},"32":{"loc":{"start":{"line":251,"column":7},"end":{"line":256,"column":null}},"type":"binary-expr","locations":[{"start":{"line":251,"column":7},"end":{"line":251,"column":14}},{"start":{"line":252,"column":8},"end":{"line":254,"column":null}}]},"33":{"loc":{"start":{"line":267,"column":20},"end":{"line":267,"column":55}},"type":"cond-expr","locations":[{"start":{"line":267,"column":36},"end":{"line":267,"column":42}},{"start":{"line":267,"column":45},"end":{"line":267,"column":55}}]},"34":{"loc":{"start":{"line":270,"column":28},"end":{"line":270,"column":91}},"type":"cond-expr","locations":[{"start":{"line":270,"column":56},"end":{"line":270,"column":74}},{"start":{"line":270,"column":77},"end":{"line":270,"column":91}}]},"35":{"loc":{"start":{"line":272,"column":52},"end":{"line":272,"column":90}},"type":"cond-expr","locations":[{"start":{"line":272,"column":66},"end":{"line":272,"column":85}},{"start":{"line":272,"column":88},"end":{"line":272,"column":90}}]},"36":{"loc":{"start":{"line":280,"column":15},"end":{"line":280,"column":71}},"type":"cond-expr","locations":[{"start":{"line":280,"column":31},"end":{"line":280,"column":51}},{"start":{"line":280,"column":54},"end":{"line":280,"column":71}}]},"37":{"loc":{"start":{"line":283,"column":11},"end":{"line":286,"column":null}},"type":"binary-expr","locations":[{"start":{"line":283,"column":11},"end":{"line":283,"column":22}},{"start":{"line":284,"column":12},"end":{"line":285,"column":null}}]},"38":{"loc":{"start":{"line":292,"column":9},"end":{"line":292,"column":96}},"type":"cond-expr","locations":[{"start":{"line":292,"column":18},"end":{"line":292,"column":54}},{"start":{"line":292,"column":57},"end":{"line":292,"column":96}}]},"39":{"loc":{"start":{"line":318,"column":4},"end":{"line":328,"column":5}},"type":"if","locations":[{"start":{"line":318,"column":4},"end":{"line":328,"column":5}}]},"40":{"loc":{"start":{"line":321,"column":20},"end":{"line":321,"column":61}},"type":"binary-expr","locations":[{"start":{"line":321,"column":20},"end":{"line":321,"column":48}},{"start":{"line":321,"column":52},"end":{"line":321,"column":61}}]},"41":{"loc":{"start":{"line":333,"column":4},"end":{"line":333,"column":19}},"type":"if","locations":[{"start":{"line":333,"column":4},"end":{"line":333,"column":19}}]},"42":{"loc":{"start":{"line":336,"column":4},"end":{"line":339,"column":5}},"type":"if","locations":[{"start":{"line":336,"column":4},"end":{"line":339,"column":5}}]},"43":{"loc":{"start":{"line":340,"column":4},"end":{"line":343,"column":5}},"type":"if","locations":[{"start":{"line":340,"column":4},"end":{"line":343,"column":5}}]},"44":{"loc":{"start":{"line":350,"column":4},"end":{"line":350,"column":22}},"type":"if","locations":[{"start":{"line":350,"column":4},"end":{"line":350,"column":22}}]},"45":{"loc":{"start":{"line":354,"column":6},"end":{"line":360,"column":7}},"type":"if","locations":[{"start":{"line":354,"column":6},"end":{"line":360,"column":7}}]},"46":{"loc":{"start":{"line":354,"column":10},"end":{"line":354,"column":43}},"type":"binary-expr","locations":[{"start":{"line":354,"column":10},"end":{"line":354,"column":26}},{"start":{"line":354,"column":30},"end":{"line":354,"column":43}}]},"47":{"loc":{"start":{"line":372,"column":4},"end":{"line":372,"column":52}},"type":"if","locations":[{"start":{"line":372,"column":4},"end":{"line":372,"column":52}}]},"48":{"loc":{"start":{"line":375,"column":21},"end":{"line":375,"column":40}},"type":"binary-expr","locations":[{"start":{"line":375,"column":21},"end":{"line":375,"column":28}},{"start":{"line":375,"column":32},"end":{"line":375,"column":40}}]},"49":{"loc":{"start":{"line":376,"column":21},"end":{"line":376,"column":70}},"type":"binary-expr","locations":[{"start":{"line":376,"column":21},"end":{"line":376,"column":63}},{"start":{"line":376,"column":67},"end":{"line":376,"column":70}}]},"50":{"loc":{"start":{"line":390,"column":13},"end":{"line":393,"column":null}},"type":"cond-expr","locations":[{"start":{"line":391,"column":14},"end":{"line":391,"column":91}},{"start":{"line":393,"column":14},"end":{"line":393,"column":98}}]},"51":{"loc":{"start":{"line":416,"column":9},"end":{"line":422,"column":null}},"type":"binary-expr","locations":[{"start":{"line":416,"column":9},"end":{"line":416,"column":13}},{"start":{"line":417,"column":10},"end":{"line":421,"column":null}}]},"52":{"loc":{"start":{"line":425,"column":9},"end":{"line":428,"column":null}},"type":"binary-expr","locations":[{"start":{"line":425,"column":9},"end":{"line":425,"column":14}},{"start":{"line":426,"column":10},"end":{"line":427,"column":null}}]},"53":{"loc":{"start":{"line":441,"column":9},"end":{"line":458,"column":null}},"type":"binary-expr","locations":[{"start":{"line":441,"column":9},"end":{"line":441,"column":13}},{"start":{"line":442,"column":10},"end":{"line":457,"column":null}}]},"54":{"loc":{"start":{"line":448,"column":15},"end":{"line":448,"column":101}},"type":"cond-expr","locations":[{"start":{"line":448,"column":27},"end":{"line":448,"column":66}},{"start":{"line":448,"column":69},"end":{"line":448,"column":101}}]}},"s":{"0":0,"1":0,"2":0,"3":0,"4":0,"5":0,"6":0,"7":0,"8":0,"9":0,"10":0,"11":0,"12":0,"13":0,"14":0,"15":0,"16":0,"17":0,"18":0,"19":0,"20":0,"21":0,"22":0,"23":0,"24":0,"25":0,"26":0,"27":0,"28":0,"29":0,"30":0,"31":0,"32":0,"33":0,"34":0,"35":0,"36":0,"37":0,"38":0,"39":0,"40":0,"41":0,"42":0,"43":0,"44":0,"45":0,"46":0,"47":0,"48":0,"49":0,"50":0,"51":0,"52":0,"53":0,"54":0,"55":0,"56":0,"57":0,"58":0,"59":0,"60":0,"61":0,"62":0,"63":0,"64":0,"65":0,"66":0,"67":0,"68":0,"69":0,"70":0,"71":0,"72":0,"73":0,"74":0,"75":0,"76":0,"77":0,"78":0,"79":0,"80":0,"81":0,"82":0,"83":0,"84":0,"85":0,"86":0,"87":0,"88":0,"89":0,"90":0,"91":0,"92":0,"93":0,"94":0,"95":0,"96":0,"97":0,"98":0,"99":0,"100":0,"101":0,"102":0,"103":0,"104":0,"105":0,"106":0,"107":0,"108":0,"109":0,"110":0,"111":0,"112":0,"113":0,"114":0,"115":0,"116":0,"117":0,"118":0,"119":0,"120":0,"121":0,"122":0,"123":0,"124":0,"125":0,"126":0,"127":0,"128":0,"129":0,"130":0,"131":0,"132":0,"133":0,"134":0,"135":0,"136":0,"137":0,"138":0,"139":0,"140":0,"141":0,"142":0,"143":0,"144":0,"145":0,"146":0,"147":0,"148":0,"149":0,"150":0,"151":0,"152":0,"153":0,"154":0},"f":{"0":0,"1":0,"2":0,"3":0,"4":0,"5":0,"6":0,"7":0,"8":0,"9":0,"10":0,"11":0,"12":0,"13":0,"14":0,"15":0,"16":0,"17":0,"18":0,"19":0,"20":0,"21":0,"22":0,"23":0,"24":0,"25":0,"26":0,"27":0,"28":0,"29":0,"30":0,"31":0,"32":0,"33":0},"b":{"0":[0],"1":[0,0],"2":[0,0],"3":[0,0],"4":[0,0],"5":[0,0],"6":[0,0],"7":[0,0],"8":[0,0],"9":[0],"10":[0],"11":[0,0],"12":[0],"13":[0,0],"14":[0],"15":[0,0],"16":[0],"17":[0,0],"18":[0,0],"19":[0,0],"20":[0,0],"21":[0,0],"22":[0,0],"23":[0,0],"24":[0,0],"25":[0],"26":[0,0],"27":[0],"28":[0,0],"29":[0],"30":[0],"31":[0,0],"32":[0,0],"33":[0,0],"34":[0,0],"35":[0,0],"36":[0,0],"37":[0,0],"38":[0,0],"39":[0],"40":[0,0],"41":[0],"42":[0],"43":[0],"44":[0],"45":[0],"46":[0,0],"47":[0],"48":[0,0],"49":[0,0],"50":[0,0],"51":[0,0],"52":[0,0],"53":[0,0],"54":[0,0]}}
}
